<?xml version='1.0' encoding='UTF-8'?>
<testsuite hostname="wesley" name="sutd.compiler.simp.TestLivenessAnalysis" tests="4" errors="0" failures="4" skipped="0" time="0.072" timestamp="2025-11-11T13:34:48">
          <properties>
[...]
</properties>
          <testcase classname="sutd.compiler.simp.TestLivenessAnalysis" name="test Liveness Analysis with simple ex" time="0.056">
                      <failure message="HashMap(5 -&gt; Set(&quot;w&quot;), 1 -&gt; Set(&quot;input&quot;), 6 -&gt; Set(), 2 -&gt; Set(), 3 -&gt; Set(), 4 -&gt; Set()) did not equal HashMap(5 -&gt; Set(&quot;w&quot;), 1 -&gt; Set(&quot;input&quot;), 6 -&gt; Set(), 2 -&gt; Set(&quot;x&quot;), 3 -&gt; Set(&quot;y&quot;), 4 -&gt; Set(&quot;y&quot;, &quot;z&quot;))" type="org.scalatest.exceptions.TestFailedException">org.scalatest.exceptions.TestFailedException: HashMap(5 -&gt; Set(&quot;w&quot;), 1 -&gt; Set(&quot;input&quot;), 6 -&gt; Set(), 2 -&gt; Set(), 3 -&gt; Set(), 4 -&gt; Set()) did not equal HashMap(5 -&gt; Set(&quot;w&quot;), 1 -&gt; Set(&quot;input&quot;), 6 -&gt; Set(), 2 -&gt; Set(&quot;x&quot;), 3 -&gt; Set(&quot;y&quot;), 4 -&gt; Set(&quot;y&quot;, &quot;z&quot;))
	at org.scalatest.Assertions.newAssertionFailedException(Assertions.scala:476)
	at org.scalatest.Assertions.newAssertionFailedException$(Assertions.scala:421)
	at org.scalatest.Assertions$.newAssertionFailedException(Assertions.scala:1385)
	at org.scalatest.Assertions$AssertionsHelper.macroAssert(Assertions.scala:1460)
	at sutd.compiler.simp.TestLivenessAnalysis.testFun$proxy1$1(TestLivenessAnalysis.scala:53)
	at sutd.compiler.simp.TestLivenessAnalysis.$init$$$anonfun$1(TestLivenessAnalysis.scala:24)
	at org.scalatest.funsuite.AnyFunSuiteLike.testImpl$$anonfun$1(AnyFunSuiteLike.scala:125)
	at org.scalatest.Transformer.apply$$anonfun$1(Transformer.scala:22)
	at org.scalatest.OutcomeOf.outcomeOf(OutcomeOf.scala:85)
	at org.scalatest.OutcomeOf.outcomeOf$(OutcomeOf.scala:31)
	at org.scalatest.OutcomeOf$.outcomeOf(OutcomeOf.scala:104)
	at org.scalatest.Transformer.apply(Transformer.scala:22)
	at org.scalatest.Transformer.apply(Transformer.scala:21)
	at org.scalatest.funsuite.AnyFunSuiteLike$$anon$1.apply(AnyFunSuiteLike.scala:206)
	at org.scalatest.TestSuite.withFixture(TestSuite.scala:196)
	at org.scalatest.TestSuite.withFixture$(TestSuite.scala:138)
	at org.scalatest.funsuite.AnyFunSuite.withFixture(AnyFunSuite.scala:1563)
	at org.scalatest.funsuite.AnyFunSuiteLike.invokeWithFixture$1(AnyFunSuiteLike.scala:212)
	at org.scalatest.funsuite.AnyFunSuiteLike.runTest$$anonfun$1(AnyFunSuiteLike.scala:216)
	at org.scalatest.SuperEngine.runTestImpl(Engine.scala:306)
	at org.scalatest.funsuite.AnyFunSuiteLike.runTest(AnyFunSuiteLike.scala:216)
	at org.scalatest.funsuite.AnyFunSuiteLike.runTest$(AnyFunSuiteLike.scala:47)
	at org.scalatest.funsuite.AnyFunSuite.runTest(AnyFunSuite.scala:1563)
	at org.scalatest.funsuite.AnyFunSuiteLike.runTests$$anonfun$1(AnyFunSuiteLike.scala:249)
	at org.scalatest.SuperEngine.traverseSubNodes$2$$anonfun$1(Engine.scala:413)
	at scala.runtime.function.JProcedure1.apply(JProcedure1.java:15)
	at scala.runtime.function.JProcedure1.apply(JProcedure1.java:10)
	at scala.collection.immutable.List.foreach(List.scala:334)
	at org.scalatest.SuperEngine.traverseSubNodes$1(Engine.scala:429)
	at org.scalatest.SuperEngine.runTestsInBranch(Engine.scala:396)
	at org.scalatest.SuperEngine.runTestsImpl(Engine.scala:475)
	at org.scalatest.funsuite.AnyFunSuiteLike.runTests(AnyFunSuiteLike.scala:249)
	at org.scalatest.funsuite.AnyFunSuiteLike.runTests$(AnyFunSuiteLike.scala:47)
	at org.scalatest.funsuite.AnyFunSuite.runTests(AnyFunSuite.scala:1563)
	at org.scalatest.Suite.run(Suite.scala:1112)
	at org.scalatest.Suite.run$(Suite.scala:563)
	at org.scalatest.funsuite.AnyFunSuite.org$scalatest$funsuite$AnyFunSuiteLike$$super$run(AnyFunSuite.scala:1563)
	at org.scalatest.funsuite.AnyFunSuiteLike.run$$anonfun$1(AnyFunSuiteLike.scala:253)
	at org.scalatest.SuperEngine.runImpl(Engine.scala:535)
	at org.scalatest.funsuite.AnyFunSuiteLike.run(AnyFunSuiteLike.scala:253)
	at org.scalatest.funsuite.AnyFunSuiteLike.run$(AnyFunSuiteLike.scala:47)
	at org.scalatest.funsuite.AnyFunSuite.run(AnyFunSuite.scala:1563)
	at org.scalatest.tools.Framework.org$scalatest$tools$Framework$$runSuite(Framework.scala:318)
	at org.scalatest.tools.Framework$ScalaTestTask.execute(Framework.scala:513)
	at sbt.TestRunner.runTest$1(TestFramework.scala:153)
	at sbt.TestRunner.run(TestFramework.scala:168)
	at sbt.TestFramework$$anon$3$$anonfun$$lessinit$greater$1.$anonfun$apply$1(TestFramework.scala:336)
	at sbt.TestFramework$.sbt$TestFramework$$withContextLoader(TestFramework.scala:296)
	at sbt.TestFramework$$anon$3$$anonfun$$lessinit$greater$1.apply(TestFramework.scala:336)
	at sbt.TestFramework$$anon$3$$anonfun$$lessinit$greater$1.apply(TestFramework.scala:336)
	at sbt.TestFunction.apply(TestFramework.scala:348)
	at sbt.Tests$.$anonfun$toTask$1(Tests.scala:436)
	at sbt.std.Transform$$anon$3.$anonfun$apply$2(Transform.scala:47)
	at sbt.std.Transform$$anon$4.work(Transform.scala:69)
	at sbt.Execute.$anonfun$submit$2(Execute.scala:283)
	at sbt.internal.util.ErrorHandling$.wideConvert(ErrorHandling.scala:24)
	at sbt.Execute.work(Execute.scala:292)
	at sbt.Execute.$anonfun$submit$1(Execute.scala:283)
	at sbt.ConcurrentRestrictions$$anon$4.$anonfun$submitValid$1(ConcurrentRestrictions.scala:265)
	at sbt.CompletionService$$anon$2.call(CompletionService.scala:65)
	at java.base/java.util.concurrent.FutureTask.run(FutureTask.java:328)
	at java.base/java.util.concurrent.Executors$RunnableAdapter.call(Executors.java:545)
	at java.base/java.util.concurrent.FutureTask.run(FutureTask.java:328)
	at java.base/java.util.concurrent.ThreadPoolExecutor.runWorker(ThreadPoolExecutor.java:1090)
	at java.base/java.util.concurrent.ThreadPoolExecutor$Worker.run(ThreadPoolExecutor.java:614)
	at java.base/java.lang.Thread.run(Thread.java:1474)
</failure>
                    </testcase><testcase classname="sutd.compiler.simp.TestLivenessAnalysis" name="test Liveness Analysis with sum()" time="0.006">
                      <failure message="HashMap(5 -&gt; Set(&quot;b&quot;), 10 -&gt; Set(), 1 -&gt; Set(&quot;input&quot;), 6 -&gt; Set(), 9 -&gt; Set(&quot;s&quot;), 2 -&gt; Set(), 7 -&gt; Set(), 3 -&gt; Set(), 8 -&gt; Set(), 4 -&gt; Set()) did not equal HashMap(5 -&gt; Set(&quot;x&quot;, &quot;c&quot;, &quot;s&quot;, &quot;b&quot;), 10 -&gt; Set(), 1 -&gt; Set(&quot;input&quot;), 6 -&gt; Set(&quot;x&quot;, &quot;c&quot;, &quot;s&quot;), 9 -&gt; Set(&quot;s&quot;), 2 -&gt; Set(&quot;x&quot;), 7 -&gt; Set(&quot;s&quot;, &quot;x&quot;, &quot;c&quot;), 3 -&gt; Set(&quot;s&quot;, &quot;x&quot;), 8 -&gt; Set(&quot;c&quot;, &quot;s&quot;, &quot;x&quot;), 4 -&gt; Set(&quot;c&quot;, &quot;s&quot;, &quot;x&quot;))" type="org.scalatest.exceptions.TestFailedException">org.scalatest.exceptions.TestFailedException: HashMap(5 -&gt; Set(&quot;b&quot;), 10 -&gt; Set(), 1 -&gt; Set(&quot;input&quot;), 6 -&gt; Set(), 9 -&gt; Set(&quot;s&quot;), 2 -&gt; Set(), 7 -&gt; Set(), 3 -&gt; Set(), 8 -&gt; Set(), 4 -&gt; Set()) did not equal HashMap(5 -&gt; Set(&quot;x&quot;, &quot;c&quot;, &quot;s&quot;, &quot;b&quot;), 10 -&gt; Set(), 1 -&gt; Set(&quot;input&quot;), 6 -&gt; Set(&quot;x&quot;, &quot;c&quot;, &quot;s&quot;), 9 -&gt; Set(&quot;s&quot;), 2 -&gt; Set(&quot;x&quot;), 7 -&gt; Set(&quot;s&quot;, &quot;x&quot;, &quot;c&quot;), 3 -&gt; Set(&quot;s&quot;, &quot;x&quot;), 8 -&gt; Set(&quot;c&quot;, &quot;s&quot;, &quot;x&quot;), 4 -&gt; Set(&quot;c&quot;, &quot;s&quot;, &quot;x&quot;))
	at org.scalatest.Assertions.newAssertionFailedException(Assertions.scala:476)
	at org.scalatest.Assertions.newAssertionFailedException$(Assertions.scala:421)
	at org.scalatest.Assertions$.newAssertionFailedException(Assertions.scala:1385)
	at org.scalatest.Assertions$AssertionsHelper.macroAssert(Assertions.scala:1460)
	at sutd.compiler.simp.TestLivenessAnalysis.testFun$proxy2$1(TestLivenessAnalysis.scala:107)
	at sutd.compiler.simp.TestLivenessAnalysis.$init$$$anonfun$2(TestLivenessAnalysis.scala:71)
	at org.scalatest.funsuite.AnyFunSuiteLike.testImpl$$anonfun$1(AnyFunSuiteLike.scala:125)
	at org.scalatest.Transformer.apply$$anonfun$1(Transformer.scala:22)
	at org.scalatest.OutcomeOf.outcomeOf(OutcomeOf.scala:85)
	at org.scalatest.OutcomeOf.outcomeOf$(OutcomeOf.scala:31)
	at org.scalatest.OutcomeOf$.outcomeOf(OutcomeOf.scala:104)
	at org.scalatest.Transformer.apply(Transformer.scala:22)
	at org.scalatest.Transformer.apply(Transformer.scala:21)
	at org.scalatest.funsuite.AnyFunSuiteLike$$anon$1.apply(AnyFunSuiteLike.scala:206)
	at org.scalatest.TestSuite.withFixture(TestSuite.scala:196)
	at org.scalatest.TestSuite.withFixture$(TestSuite.scala:138)
	at org.scalatest.funsuite.AnyFunSuite.withFixture(AnyFunSuite.scala:1563)
	at org.scalatest.funsuite.AnyFunSuiteLike.invokeWithFixture$1(AnyFunSuiteLike.scala:212)
	at org.scalatest.funsuite.AnyFunSuiteLike.runTest$$anonfun$1(AnyFunSuiteLike.scala:216)
	at org.scalatest.SuperEngine.runTestImpl(Engine.scala:306)
	at org.scalatest.funsuite.AnyFunSuiteLike.runTest(AnyFunSuiteLike.scala:216)
	at org.scalatest.funsuite.AnyFunSuiteLike.runTest$(AnyFunSuiteLike.scala:47)
	at org.scalatest.funsuite.AnyFunSuite.runTest(AnyFunSuite.scala:1563)
	at org.scalatest.funsuite.AnyFunSuiteLike.runTests$$anonfun$1(AnyFunSuiteLike.scala:249)
	at org.scalatest.SuperEngine.traverseSubNodes$2$$anonfun$1(Engine.scala:413)
	at scala.runtime.function.JProcedure1.apply(JProcedure1.java:15)
	at scala.runtime.function.JProcedure1.apply(JProcedure1.java:10)
	at scala.collection.immutable.List.foreach(List.scala:334)
	at org.scalatest.SuperEngine.traverseSubNodes$1(Engine.scala:429)
	at org.scalatest.SuperEngine.runTestsInBranch(Engine.scala:396)
	at org.scalatest.SuperEngine.runTestsImpl(Engine.scala:475)
	at org.scalatest.funsuite.AnyFunSuiteLike.runTests(AnyFunSuiteLike.scala:249)
	at org.scalatest.funsuite.AnyFunSuiteLike.runTests$(AnyFunSuiteLike.scala:47)
	at org.scalatest.funsuite.AnyFunSuite.runTests(AnyFunSuite.scala:1563)
	at org.scalatest.Suite.run(Suite.scala:1112)
	at org.scalatest.Suite.run$(Suite.scala:563)
	at org.scalatest.funsuite.AnyFunSuite.org$scalatest$funsuite$AnyFunSuiteLike$$super$run(AnyFunSuite.scala:1563)
	at org.scalatest.funsuite.AnyFunSuiteLike.run$$anonfun$1(AnyFunSuiteLike.scala:253)
	at org.scalatest.SuperEngine.runImpl(Engine.scala:535)
	at org.scalatest.funsuite.AnyFunSuiteLike.run(AnyFunSuiteLike.scala:253)
	at org.scalatest.funsuite.AnyFunSuiteLike.run$(AnyFunSuiteLike.scala:47)
	at org.scalatest.funsuite.AnyFunSuite.run(AnyFunSuite.scala:1563)
	at org.scalatest.tools.Framework.org$scalatest$tools$Framework$$runSuite(Framework.scala:318)
	at org.scalatest.tools.Framework$ScalaTestTask.execute(Framework.scala:513)
	at sbt.TestRunner.runTest$1(TestFramework.scala:153)
	at sbt.TestRunner.run(TestFramework.scala:168)
	at sbt.TestFramework$$anon$3$$anonfun$$lessinit$greater$1.$anonfun$apply$1(TestFramework.scala:336)
	at sbt.TestFramework$.sbt$TestFramework$$withContextLoader(TestFramework.scala:296)
	at sbt.TestFramework$$anon$3$$anonfun$$lessinit$greater$1.apply(TestFramework.scala:336)
	at sbt.TestFramework$$anon$3$$anonfun$$lessinit$greater$1.apply(TestFramework.scala:336)
	at sbt.TestFunction.apply(TestFramework.scala:348)
	at sbt.Tests$.$anonfun$toTask$1(Tests.scala:436)
	at sbt.std.Transform$$anon$3.$anonfun$apply$2(Transform.scala:47)
	at sbt.std.Transform$$anon$4.work(Transform.scala:69)
	at sbt.Execute.$anonfun$submit$2(Execute.scala:283)
	at sbt.internal.util.ErrorHandling$.wideConvert(ErrorHandling.scala:24)
	at sbt.Execute.work(Execute.scala:292)
	at sbt.Execute.$anonfun$submit$1(Execute.scala:283)
	at sbt.ConcurrentRestrictions$$anon$4.$anonfun$submitValid$1(ConcurrentRestrictions.scala:265)
	at sbt.CompletionService$$anon$2.call(CompletionService.scala:65)
	at java.base/java.util.concurrent.FutureTask.run(FutureTask.java:328)
	at java.base/java.util.concurrent.Executors$RunnableAdapter.call(Executors.java:545)
	at java.base/java.util.concurrent.FutureTask.run(FutureTask.java:328)
	at java.base/java.util.concurrent.ThreadPoolExecutor.runWorker(ThreadPoolExecutor.java:1090)
	at java.base/java.util.concurrent.ThreadPoolExecutor$Worker.run(ThreadPoolExecutor.java:614)
	at java.base/java.lang.Thread.run(Thread.java:1474)
</failure>
                    </testcase><testcase classname="sutd.compiler.simp.TestLivenessAnalysis" name="test Liveness Analysis with notes example" time="0.004">
                      <failure message="HashMap(5 -&gt; Set(&quot;b&quot;), 10 -&gt; Set(&quot;s&quot;), 1 -&gt; Set(&quot;input&quot;), 6 -&gt; Set(), 9 -&gt; Set(), 2 -&gt; Set(), 7 -&gt; Set(&quot;s&quot;), 3 -&gt; Set(), 11 -&gt; Set(), 8 -&gt; Set(), 4 -&gt; Set()) did not equal HashMap(5 -&gt; Set(&quot;x&quot;, &quot;s&quot;, &quot;y&quot;, &quot;b&quot;), 10 -&gt; Set(&quot;s&quot;), 1 -&gt; Set(&quot;input&quot;), 6 -&gt; Set(&quot;x&quot;, &quot;s&quot;, &quot;y&quot;), 9 -&gt; Set(&quot;s&quot;, &quot;y&quot;, &quot;x&quot;), 2 -&gt; Set(&quot;x&quot;), 7 -&gt; Set(&quot;y&quot;, &quot;x&quot;, &quot;s&quot;), 3 -&gt; Set(&quot;y&quot;, &quot;x&quot;), 11 -&gt; Set(), 8 -&gt; Set(&quot;y&quot;, &quot;x&quot;, &quot;s&quot;), 4 -&gt; Set(&quot;s&quot;, &quot;y&quot;, &quot;x&quot;))" type="org.scalatest.exceptions.TestFailedException">org.scalatest.exceptions.TestFailedException: HashMap(5 -&gt; Set(&quot;b&quot;), 10 -&gt; Set(&quot;s&quot;), 1 -&gt; Set(&quot;input&quot;), 6 -&gt; Set(), 9 -&gt; Set(), 2 -&gt; Set(), 7 -&gt; Set(&quot;s&quot;), 3 -&gt; Set(), 11 -&gt; Set(), 8 -&gt; Set(), 4 -&gt; Set()) did not equal HashMap(5 -&gt; Set(&quot;x&quot;, &quot;s&quot;, &quot;y&quot;, &quot;b&quot;), 10 -&gt; Set(&quot;s&quot;), 1 -&gt; Set(&quot;input&quot;), 6 -&gt; Set(&quot;x&quot;, &quot;s&quot;, &quot;y&quot;), 9 -&gt; Set(&quot;s&quot;, &quot;y&quot;, &quot;x&quot;), 2 -&gt; Set(&quot;x&quot;), 7 -&gt; Set(&quot;y&quot;, &quot;x&quot;, &quot;s&quot;), 3 -&gt; Set(&quot;y&quot;, &quot;x&quot;), 11 -&gt; Set(), 8 -&gt; Set(&quot;y&quot;, &quot;x&quot;, &quot;s&quot;), 4 -&gt; Set(&quot;s&quot;, &quot;y&quot;, &quot;x&quot;))
	at org.scalatest.Assertions.newAssertionFailedException(Assertions.scala:476)
	at org.scalatest.Assertions.newAssertionFailedException$(Assertions.scala:421)
	at org.scalatest.Assertions$.newAssertionFailedException(Assertions.scala:1385)
	at org.scalatest.Assertions$AssertionsHelper.macroAssert(Assertions.scala:1460)
	at sutd.compiler.simp.TestLivenessAnalysis.testFun$proxy3$1(TestLivenessAnalysis.scala:164)
	at sutd.compiler.simp.TestLivenessAnalysis.$init$$$anonfun$3(TestLivenessAnalysis.scala:125)
	at org.scalatest.funsuite.AnyFunSuiteLike.testImpl$$anonfun$1(AnyFunSuiteLike.scala:125)
	at org.scalatest.Transformer.apply$$anonfun$1(Transformer.scala:22)
	at org.scalatest.OutcomeOf.outcomeOf(OutcomeOf.scala:85)
	at org.scalatest.OutcomeOf.outcomeOf$(OutcomeOf.scala:31)
	at org.scalatest.OutcomeOf$.outcomeOf(OutcomeOf.scala:104)
	at org.scalatest.Transformer.apply(Transformer.scala:22)
	at org.scalatest.Transformer.apply(Transformer.scala:21)
	at org.scalatest.funsuite.AnyFunSuiteLike$$anon$1.apply(AnyFunSuiteLike.scala:206)
	at org.scalatest.TestSuite.withFixture(TestSuite.scala:196)
	at org.scalatest.TestSuite.withFixture$(TestSuite.scala:138)
	at org.scalatest.funsuite.AnyFunSuite.withFixture(AnyFunSuite.scala:1563)
	at org.scalatest.funsuite.AnyFunSuiteLike.invokeWithFixture$1(AnyFunSuiteLike.scala:212)
	at org.scalatest.funsuite.AnyFunSuiteLike.runTest$$anonfun$1(AnyFunSuiteLike.scala:216)
	at org.scalatest.SuperEngine.runTestImpl(Engine.scala:306)
	at org.scalatest.funsuite.AnyFunSuiteLike.runTest(AnyFunSuiteLike.scala:216)
	at org.scalatest.funsuite.AnyFunSuiteLike.runTest$(AnyFunSuiteLike.scala:47)
	at org.scalatest.funsuite.AnyFunSuite.runTest(AnyFunSuite.scala:1563)
	at org.scalatest.funsuite.AnyFunSuiteLike.runTests$$anonfun$1(AnyFunSuiteLike.scala:249)
	at org.scalatest.SuperEngine.traverseSubNodes$2$$anonfun$1(Engine.scala:413)
	at scala.runtime.function.JProcedure1.apply(JProcedure1.java:15)
	at scala.runtime.function.JProcedure1.apply(JProcedure1.java:10)
	at scala.collection.immutable.List.foreach(List.scala:334)
	at org.scalatest.SuperEngine.traverseSubNodes$1(Engine.scala:429)
	at org.scalatest.SuperEngine.runTestsInBranch(Engine.scala:396)
	at org.scalatest.SuperEngine.runTestsImpl(Engine.scala:475)
	at org.scalatest.funsuite.AnyFunSuiteLike.runTests(AnyFunSuiteLike.scala:249)
	at org.scalatest.funsuite.AnyFunSuiteLike.runTests$(AnyFunSuiteLike.scala:47)
	at org.scalatest.funsuite.AnyFunSuite.runTests(AnyFunSuite.scala:1563)
	at org.scalatest.Suite.run(Suite.scala:1112)
	at org.scalatest.Suite.run$(Suite.scala:563)
	at org.scalatest.funsuite.AnyFunSuite.org$scalatest$funsuite$AnyFunSuiteLike$$super$run(AnyFunSuite.scala:1563)
	at org.scalatest.funsuite.AnyFunSuiteLike.run$$anonfun$1(AnyFunSuiteLike.scala:253)
	at org.scalatest.SuperEngine.runImpl(Engine.scala:535)
	at org.scalatest.funsuite.AnyFunSuiteLike.run(AnyFunSuiteLike.scala:253)
	at org.scalatest.funsuite.AnyFunSuiteLike.run$(AnyFunSuiteLike.scala:47)
	at org.scalatest.funsuite.AnyFunSuite.run(AnyFunSuite.scala:1563)
	at org.scalatest.tools.Framework.org$scalatest$tools$Framework$$runSuite(Framework.scala:318)
	at org.scalatest.tools.Framework$ScalaTestTask.execute(Framework.scala:513)
	at sbt.TestRunner.runTest$1(TestFramework.scala:153)
	at sbt.TestRunner.run(TestFramework.scala:168)
	at sbt.TestFramework$$anon$3$$anonfun$$lessinit$greater$1.$anonfun$apply$1(TestFramework.scala:336)
	at sbt.TestFramework$.sbt$TestFramework$$withContextLoader(TestFramework.scala:296)
	at sbt.TestFramework$$anon$3$$anonfun$$lessinit$greater$1.apply(TestFramework.scala:336)
	at sbt.TestFramework$$anon$3$$anonfun$$lessinit$greater$1.apply(TestFramework.scala:336)
	at sbt.TestFunction.apply(TestFramework.scala:348)
	at sbt.Tests$.$anonfun$toTask$1(Tests.scala:436)
	at sbt.std.Transform$$anon$3.$anonfun$apply$2(Transform.scala:47)
	at sbt.std.Transform$$anon$4.work(Transform.scala:69)
	at sbt.Execute.$anonfun$submit$2(Execute.scala:283)
	at sbt.internal.util.ErrorHandling$.wideConvert(ErrorHandling.scala:24)
	at sbt.Execute.work(Execute.scala:292)
	at sbt.Execute.$anonfun$submit$1(Execute.scala:283)
	at sbt.ConcurrentRestrictions$$anon$4.$anonfun$submitValid$1(ConcurrentRestrictions.scala:265)
	at sbt.CompletionService$$anon$2.call(CompletionService.scala:65)
	at java.base/java.util.concurrent.FutureTask.run(FutureTask.java:328)
	at java.base/java.util.concurrent.Executors$RunnableAdapter.call(Executors.java:545)
	at java.base/java.util.concurrent.FutureTask.run(FutureTask.java:328)
	at java.base/java.util.concurrent.ThreadPoolExecutor.runWorker(ThreadPoolExecutor.java:1090)
	at java.base/java.util.concurrent.ThreadPoolExecutor$Worker.run(ThreadPoolExecutor.java:614)
	at java.base/java.lang.Thread.run(Thread.java:1474)
</failure>
                    </testcase><testcase classname="sutd.compiler.simp.TestLivenessAnalysis" name="test Liveness Analysis with fib()" time="0.006">
                      <failure message="HashMap(5 -&gt; Set(), 10 -&gt; Set(), 14 -&gt; Set(), 1 -&gt; Set(&quot;input&quot;), 6 -&gt; Set(), 9 -&gt; Set(&quot;s&quot;), 13 -&gt; Set(&quot;s&quot;), 2 -&gt; Set(), 12 -&gt; Set(), 7 -&gt; Set(&quot;b&quot;), 3 -&gt; Set(), 11 -&gt; Set(), 8 -&gt; Set(&quot;f&quot;), 4 -&gt; Set()) did not equal HashMap(5 -&gt; Set(&quot;s&quot;, &quot;f&quot;, &quot;c&quot;, &quot;x&quot;), 10 -&gt; Set(&quot;f&quot;, &quot;x&quot;, &quot;c&quot;, &quot;t&quot;), 14 -&gt; Set(), 1 -&gt; Set(&quot;input&quot;), 6 -&gt; Set(&quot;c&quot;, &quot;s&quot;, &quot;f&quot;, &quot;x&quot;), 9 -&gt; Set(&quot;x&quot;, &quot;c&quot;, &quot;t&quot;, &quot;s&quot;), 13 -&gt; Set(&quot;s&quot;), 2 -&gt; Set(&quot;x&quot;), 12 -&gt; Set(&quot;c&quot;, &quot;s&quot;, &quot;f&quot;, &quot;x&quot;), 7 -&gt; HashSet(&quot;f&quot;, &quot;b&quot;, &quot;c&quot;, &quot;s&quot;, &quot;x&quot;), 3 -&gt; Set(&quot;f&quot;, &quot;x&quot;), 11 -&gt; Set(&quot;s&quot;, &quot;f&quot;, &quot;x&quot;, &quot;c&quot;), 8 -&gt; Set(&quot;x&quot;, &quot;c&quot;, &quot;s&quot;, &quot;f&quot;), 4 -&gt; Set(&quot;s&quot;, &quot;f&quot;, &quot;x&quot;))" type="org.scalatest.exceptions.TestFailedException">org.scalatest.exceptions.TestFailedException: HashMap(5 -&gt; Set(), 10 -&gt; Set(), 14 -&gt; Set(), 1 -&gt; Set(&quot;input&quot;), 6 -&gt; Set(), 9 -&gt; Set(&quot;s&quot;), 13 -&gt; Set(&quot;s&quot;), 2 -&gt; Set(), 12 -&gt; Set(), 7 -&gt; Set(&quot;b&quot;), 3 -&gt; Set(), 11 -&gt; Set(), 8 -&gt; Set(&quot;f&quot;), 4 -&gt; Set()) did not equal HashMap(5 -&gt; Set(&quot;s&quot;, &quot;f&quot;, &quot;c&quot;, &quot;x&quot;), 10 -&gt; Set(&quot;f&quot;, &quot;x&quot;, &quot;c&quot;, &quot;t&quot;), 14 -&gt; Set(), 1 -&gt; Set(&quot;input&quot;), 6 -&gt; Set(&quot;c&quot;, &quot;s&quot;, &quot;f&quot;, &quot;x&quot;), 9 -&gt; Set(&quot;x&quot;, &quot;c&quot;, &quot;t&quot;, &quot;s&quot;), 13 -&gt; Set(&quot;s&quot;), 2 -&gt; Set(&quot;x&quot;), 12 -&gt; Set(&quot;c&quot;, &quot;s&quot;, &quot;f&quot;, &quot;x&quot;), 7 -&gt; HashSet(&quot;f&quot;, &quot;b&quot;, &quot;c&quot;, &quot;s&quot;, &quot;x&quot;), 3 -&gt; Set(&quot;f&quot;, &quot;x&quot;), 11 -&gt; Set(&quot;s&quot;, &quot;f&quot;, &quot;x&quot;, &quot;c&quot;), 8 -&gt; Set(&quot;x&quot;, &quot;c&quot;, &quot;s&quot;, &quot;f&quot;), 4 -&gt; Set(&quot;s&quot;, &quot;f&quot;, &quot;x&quot;))
	at org.scalatest.Assertions.newAssertionFailedException(Assertions.scala:476)
	at org.scalatest.Assertions.newAssertionFailedException$(Assertions.scala:421)
	at org.scalatest.Assertions$.newAssertionFailedException(Assertions.scala:1385)
	at org.scalatest.Assertions$AssertionsHelper.macroAssert(Assertions.scala:1460)
	at sutd.compiler.simp.TestLivenessAnalysis.testFun$proxy4$1(TestLivenessAnalysis.scala:231)
	at sutd.compiler.simp.TestLivenessAnalysis.$init$$$anonfun$4(TestLivenessAnalysis.scala:169)
	at org.scalatest.funsuite.AnyFunSuiteLike.testImpl$$anonfun$1(AnyFunSuiteLike.scala:125)
	at org.scalatest.Transformer.apply$$anonfun$1(Transformer.scala:22)
	at org.scalatest.OutcomeOf.outcomeOf(OutcomeOf.scala:85)
	at org.scalatest.OutcomeOf.outcomeOf$(OutcomeOf.scala:31)
	at org.scalatest.OutcomeOf$.outcomeOf(OutcomeOf.scala:104)
	at org.scalatest.Transformer.apply(Transformer.scala:22)
	at org.scalatest.Transformer.apply(Transformer.scala:21)
	at org.scalatest.funsuite.AnyFunSuiteLike$$anon$1.apply(AnyFunSuiteLike.scala:206)
	at org.scalatest.TestSuite.withFixture(TestSuite.scala:196)
	at org.scalatest.TestSuite.withFixture$(TestSuite.scala:138)
	at org.scalatest.funsuite.AnyFunSuite.withFixture(AnyFunSuite.scala:1563)
	at org.scalatest.funsuite.AnyFunSuiteLike.invokeWithFixture$1(AnyFunSuiteLike.scala:212)
	at org.scalatest.funsuite.AnyFunSuiteLike.runTest$$anonfun$1(AnyFunSuiteLike.scala:216)
	at org.scalatest.SuperEngine.runTestImpl(Engine.scala:306)
	at org.scalatest.funsuite.AnyFunSuiteLike.runTest(AnyFunSuiteLike.scala:216)
	at org.scalatest.funsuite.AnyFunSuiteLike.runTest$(AnyFunSuiteLike.scala:47)
	at org.scalatest.funsuite.AnyFunSuite.runTest(AnyFunSuite.scala:1563)
	at org.scalatest.funsuite.AnyFunSuiteLike.runTests$$anonfun$1(AnyFunSuiteLike.scala:249)
	at org.scalatest.SuperEngine.traverseSubNodes$2$$anonfun$1(Engine.scala:413)
	at scala.runtime.function.JProcedure1.apply(JProcedure1.java:15)
	at scala.runtime.function.JProcedure1.apply(JProcedure1.java:10)
	at scala.collection.immutable.List.foreach(List.scala:334)
	at org.scalatest.SuperEngine.traverseSubNodes$1(Engine.scala:429)
	at org.scalatest.SuperEngine.runTestsInBranch(Engine.scala:396)
	at org.scalatest.SuperEngine.runTestsImpl(Engine.scala:475)
	at org.scalatest.funsuite.AnyFunSuiteLike.runTests(AnyFunSuiteLike.scala:249)
	at org.scalatest.funsuite.AnyFunSuiteLike.runTests$(AnyFunSuiteLike.scala:47)
	at org.scalatest.funsuite.AnyFunSuite.runTests(AnyFunSuite.scala:1563)
	at org.scalatest.Suite.run(Suite.scala:1112)
	at org.scalatest.Suite.run$(Suite.scala:563)
	at org.scalatest.funsuite.AnyFunSuite.org$scalatest$funsuite$AnyFunSuiteLike$$super$run(AnyFunSuite.scala:1563)
	at org.scalatest.funsuite.AnyFunSuiteLike.run$$anonfun$1(AnyFunSuiteLike.scala:253)
	at org.scalatest.SuperEngine.runImpl(Engine.scala:535)
	at org.scalatest.funsuite.AnyFunSuiteLike.run(AnyFunSuiteLike.scala:253)
	at org.scalatest.funsuite.AnyFunSuiteLike.run$(AnyFunSuiteLike.scala:47)
	at org.scalatest.funsuite.AnyFunSuite.run(AnyFunSuite.scala:1563)
	at org.scalatest.tools.Framework.org$scalatest$tools$Framework$$runSuite(Framework.scala:318)
	at org.scalatest.tools.Framework$ScalaTestTask.execute(Framework.scala:513)
	at sbt.TestRunner.runTest$1(TestFramework.scala:153)
	at sbt.TestRunner.run(TestFramework.scala:168)
	at sbt.TestFramework$$anon$3$$anonfun$$lessinit$greater$1.$anonfun$apply$1(TestFramework.scala:336)
	at sbt.TestFramework$.sbt$TestFramework$$withContextLoader(TestFramework.scala:296)
	at sbt.TestFramework$$anon$3$$anonfun$$lessinit$greater$1.apply(TestFramework.scala:336)
	at sbt.TestFramework$$anon$3$$anonfun$$lessinit$greater$1.apply(TestFramework.scala:336)
	at sbt.TestFunction.apply(TestFramework.scala:348)
	at sbt.Tests$.$anonfun$toTask$1(Tests.scala:436)
	at sbt.std.Transform$$anon$3.$anonfun$apply$2(Transform.scala:47)
	at sbt.std.Transform$$anon$4.work(Transform.scala:69)
	at sbt.Execute.$anonfun$submit$2(Execute.scala:283)
	at sbt.internal.util.ErrorHandling$.wideConvert(ErrorHandling.scala:24)
	at sbt.Execute.work(Execute.scala:292)
	at sbt.Execute.$anonfun$submit$1(Execute.scala:283)
	at sbt.ConcurrentRestrictions$$anon$4.$anonfun$submitValid$1(ConcurrentRestrictions.scala:265)
	at sbt.CompletionService$$anon$2.call(CompletionService.scala:65)
	at java.base/java.util.concurrent.FutureTask.run(FutureTask.java:328)
	at java.base/java.util.concurrent.Executors$RunnableAdapter.call(Executors.java:545)
	at java.base/java.util.concurrent.FutureTask.run(FutureTask.java:328)
	at java.base/java.util.concurrent.ThreadPoolExecutor.runWorker(ThreadPoolExecutor.java:1090)
	at java.base/java.util.concurrent.ThreadPoolExecutor$Worker.run(ThreadPoolExecutor.java:614)
	at java.base/java.lang.Thread.run(Thread.java:1474)
</failure>
                    </testcase>
          <system-out><![CDATA[]]></system-out>
          <system-err><![CDATA[]]></system-err>
        </testsuite>