<?xml version='1.0' encoding='UTF-8'?>
<testsuite hostname="Mac" name="sutd.compiler.simp.TestSimpInt" tests="5" errors="0" failures="0" skipped="0" time="0.009" timestamp="2025-11-30T11:11:10">
          <properties>
[...]
</properties>
          <testcase classname="sutd.compiler.simp.TestSimpInt" name="test simp evalExp with c + s" time="0.006">
                      
                    </testcase><testcase classname="sutd.compiler.simp.TestSimpInt" name="test simp evalExp with c &lt; (s * 2)" time="0.001">
                      
                    </testcase><testcase classname="sutd.compiler.simp.TestSimpInt" name="test simp interpretor with sum(3)" time="0.002">
                      
                    </testcase><testcase classname="sutd.compiler.simp.TestSimpInt" name="test simp interpretor with fib(4)" time="0.0">
                      
                    </testcase><testcase classname="sutd.compiler.simp.TestSimpInt" name="test simp interpretor with sum((0 to 10).map(fib(_)))" time="0.0">
                      
                    </testcase>
          <system-out><![CDATA[]]></system-out>
          <system-err><![CDATA[]]></system-err>
        </testsuite>