<?xml version='1.0' encoding='UTF-8'?>
<testsuite hostname="wesley" name="sutd.compiler.simp.TestMMUpDown" tests="5" errors="0" failures="5" skipped="0" time="0.075" timestamp="2025-11-11T13:34:48">
          <properties>
[...]
</properties>
          <testcase classname="sutd.compiler.simp.TestMMUpDown" name="test maximal munch v2 genExp: y + 1" time="0.059">
                      <failure message="List((1,IPlus(Temp(AVar(var_1)),Temp(AVar(y)),IntLit(1)))) did not equal List()" type="org.scalatest.exceptions.TestFailedException">org.scalatest.exceptions.TestFailedException: List((1,IPlus(Temp(AVar(var_1)),Temp(AVar(y)),IntLit(1)))) did not equal List()
	at org.scalatest.Assertions.newAssertionFailedException(Assertions.scala:476)
	at org.scalatest.Assertions.newAssertionFailedException$(Assertions.scala:421)
	at org.scalatest.Assertions$.newAssertionFailedException(Assertions.scala:1385)
	at org.scalatest.Assertions$AssertionsHelper.macroAssert(Assertions.scala:1460)
	at sutd.compiler.simp.TestMMUpDown.testFun$proxy1$1(TestMMUpDown.scala:22)
	at sutd.compiler.simp.TestMMUpDown.$init$$$anonfun$1(TestMMUpDown.scala:16)
	at org.scalatest.funsuite.AnyFunSuiteLike.testImpl$$anonfun$1(AnyFunSuiteLike.scala:125)
	at org.scalatest.Transformer.apply$$anonfun$1(Transformer.scala:22)
	at org.scalatest.OutcomeOf.outcomeOf(OutcomeOf.scala:85)
	at org.scalatest.OutcomeOf.outcomeOf$(OutcomeOf.scala:31)
	at org.scalatest.OutcomeOf$.outcomeOf(OutcomeOf.scala:104)
	at org.scalatest.Transformer.apply(Transformer.scala:22)
	at org.scalatest.Transformer.apply(Transformer.scala:21)
	at org.scalatest.funsuite.AnyFunSuiteLike$$anon$1.apply(AnyFunSuiteLike.scala:206)
	at org.scalatest.TestSuite.withFixture(TestSuite.scala:196)
	at org.scalatest.TestSuite.withFixture$(TestSuite.scala:138)
	at org.scalatest.funsuite.AnyFunSuite.withFixture(AnyFunSuite.scala:1563)
	at org.scalatest.funsuite.AnyFunSuiteLike.invokeWithFixture$1(AnyFunSuiteLike.scala:212)
	at org.scalatest.funsuite.AnyFunSuiteLike.runTest$$anonfun$1(AnyFunSuiteLike.scala:216)
	at org.scalatest.SuperEngine.runTestImpl(Engine.scala:306)
	at org.scalatest.funsuite.AnyFunSuiteLike.runTest(AnyFunSuiteLike.scala:216)
	at org.scalatest.funsuite.AnyFunSuiteLike.runTest$(AnyFunSuiteLike.scala:47)
	at org.scalatest.funsuite.AnyFunSuite.runTest(AnyFunSuite.scala:1563)
	at org.scalatest.funsuite.AnyFunSuiteLike.runTests$$anonfun$1(AnyFunSuiteLike.scala:249)
	at org.scalatest.SuperEngine.traverseSubNodes$2$$anonfun$1(Engine.scala:413)
	at scala.runtime.function.JProcedure1.apply(JProcedure1.java:15)
	at scala.runtime.function.JProcedure1.apply(JProcedure1.java:10)
	at scala.collection.immutable.List.foreach(List.scala:334)
	at org.scalatest.SuperEngine.traverseSubNodes$1(Engine.scala:429)
	at org.scalatest.SuperEngine.runTestsInBranch(Engine.scala:396)
	at org.scalatest.SuperEngine.runTestsImpl(Engine.scala:475)
	at org.scalatest.funsuite.AnyFunSuiteLike.runTests(AnyFunSuiteLike.scala:249)
	at org.scalatest.funsuite.AnyFunSuiteLike.runTests$(AnyFunSuiteLike.scala:47)
	at org.scalatest.funsuite.AnyFunSuite.runTests(AnyFunSuite.scala:1563)
	at org.scalatest.Suite.run(Suite.scala:1112)
	at org.scalatest.Suite.run$(Suite.scala:563)
	at org.scalatest.funsuite.AnyFunSuite.org$scalatest$funsuite$AnyFunSuiteLike$$super$run(AnyFunSuite.scala:1563)
	at org.scalatest.funsuite.AnyFunSuiteLike.run$$anonfun$1(AnyFunSuiteLike.scala:253)
	at org.scalatest.SuperEngine.runImpl(Engine.scala:535)
	at org.scalatest.funsuite.AnyFunSuiteLike.run(AnyFunSuiteLike.scala:253)
	at org.scalatest.funsuite.AnyFunSuiteLike.run$(AnyFunSuiteLike.scala:47)
	at org.scalatest.funsuite.AnyFunSuite.run(AnyFunSuite.scala:1563)
	at org.scalatest.tools.Framework.org$scalatest$tools$Framework$$runSuite(Framework.scala:318)
	at org.scalatest.tools.Framework$ScalaTestTask.execute(Framework.scala:513)
	at sbt.TestRunner.runTest$1(TestFramework.scala:153)
	at sbt.TestRunner.run(TestFramework.scala:168)
	at sbt.TestFramework$$anon$3$$anonfun$$lessinit$greater$1.$anonfun$apply$1(TestFramework.scala:336)
	at sbt.TestFramework$.sbt$TestFramework$$withContextLoader(TestFramework.scala:296)
	at sbt.TestFramework$$anon$3$$anonfun$$lessinit$greater$1.apply(TestFramework.scala:336)
	at sbt.TestFramework$$anon$3$$anonfun$$lessinit$greater$1.apply(TestFramework.scala:336)
	at sbt.TestFunction.apply(TestFramework.scala:348)
	at sbt.Tests$.$anonfun$toTask$1(Tests.scala:436)
	at sbt.std.Transform$$anon$3.$anonfun$apply$2(Transform.scala:47)
	at sbt.std.Transform$$anon$4.work(Transform.scala:69)
	at sbt.Execute.$anonfun$submit$2(Execute.scala:283)
	at sbt.internal.util.ErrorHandling$.wideConvert(ErrorHandling.scala:24)
	at sbt.Execute.work(Execute.scala:292)
	at sbt.Execute.$anonfun$submit$1(Execute.scala:283)
	at sbt.ConcurrentRestrictions$$anon$4.$anonfun$submitValid$1(ConcurrentRestrictions.scala:265)
	at sbt.CompletionService$$anon$2.call(CompletionService.scala:65)
	at java.base/java.util.concurrent.FutureTask.run(FutureTask.java:328)
	at java.base/java.util.concurrent.Executors$RunnableAdapter.call(Executors.java:545)
	at java.base/java.util.concurrent.FutureTask.run(FutureTask.java:328)
	at java.base/java.util.concurrent.ThreadPoolExecutor.runWorker(ThreadPoolExecutor.java:1090)
	at java.base/java.util.concurrent.ThreadPoolExecutor$Worker.run(ThreadPoolExecutor.java:614)
	at java.base/java.lang.Thread.run(Thread.java:1474)
</failure>
                    </testcase><testcase classname="sutd.compiler.simp.TestMMUpDown" name="test maximal munch v2 genExp: (x + 3) * (y - 5)" time="0.004">
                      <failure message="List((1,IPlus(Temp(AVar(var_1)),Temp(AVar(x)),IntLit(3))), (2,IMinus(Temp(AVar(var_2)),Temp(AVar(y)),IntLit(5))), (3,IMult(Temp(AVar(var_3)),Temp(AVar(var_1)),Temp(AVar(var_2))))) did not equal List()" type="org.scalatest.exceptions.TestFailedException">org.scalatest.exceptions.TestFailedException: List((1,IPlus(Temp(AVar(var_1)),Temp(AVar(x)),IntLit(3))), (2,IMinus(Temp(AVar(var_2)),Temp(AVar(y)),IntLit(5))), (3,IMult(Temp(AVar(var_3)),Temp(AVar(var_1)),Temp(AVar(var_2))))) did not equal List()
	at org.scalatest.Assertions.newAssertionFailedException(Assertions.scala:476)
	at org.scalatest.Assertions.newAssertionFailedException$(Assertions.scala:421)
	at org.scalatest.Assertions$.newAssertionFailedException(Assertions.scala:1385)
	at org.scalatest.Assertions$AssertionsHelper.macroAssert(Assertions.scala:1460)
	at sutd.compiler.simp.TestMMUpDown.testFun$proxy2$1(TestMMUpDown.scala:36)
	at sutd.compiler.simp.TestMMUpDown.$init$$$anonfun$2(TestMMUpDown.scala:27)
	at org.scalatest.funsuite.AnyFunSuiteLike.testImpl$$anonfun$1(AnyFunSuiteLike.scala:125)
	at org.scalatest.Transformer.apply$$anonfun$1(Transformer.scala:22)
	at org.scalatest.OutcomeOf.outcomeOf(OutcomeOf.scala:85)
	at org.scalatest.OutcomeOf.outcomeOf$(OutcomeOf.scala:31)
	at org.scalatest.OutcomeOf$.outcomeOf(OutcomeOf.scala:104)
	at org.scalatest.Transformer.apply(Transformer.scala:22)
	at org.scalatest.Transformer.apply(Transformer.scala:21)
	at org.scalatest.funsuite.AnyFunSuiteLike$$anon$1.apply(AnyFunSuiteLike.scala:206)
	at org.scalatest.TestSuite.withFixture(TestSuite.scala:196)
	at org.scalatest.TestSuite.withFixture$(TestSuite.scala:138)
	at org.scalatest.funsuite.AnyFunSuite.withFixture(AnyFunSuite.scala:1563)
	at org.scalatest.funsuite.AnyFunSuiteLike.invokeWithFixture$1(AnyFunSuiteLike.scala:212)
	at org.scalatest.funsuite.AnyFunSuiteLike.runTest$$anonfun$1(AnyFunSuiteLike.scala:216)
	at org.scalatest.SuperEngine.runTestImpl(Engine.scala:306)
	at org.scalatest.funsuite.AnyFunSuiteLike.runTest(AnyFunSuiteLike.scala:216)
	at org.scalatest.funsuite.AnyFunSuiteLike.runTest$(AnyFunSuiteLike.scala:47)
	at org.scalatest.funsuite.AnyFunSuite.runTest(AnyFunSuite.scala:1563)
	at org.scalatest.funsuite.AnyFunSuiteLike.runTests$$anonfun$1(AnyFunSuiteLike.scala:249)
	at org.scalatest.SuperEngine.traverseSubNodes$2$$anonfun$1(Engine.scala:413)
	at scala.runtime.function.JProcedure1.apply(JProcedure1.java:15)
	at scala.runtime.function.JProcedure1.apply(JProcedure1.java:10)
	at scala.collection.immutable.List.foreach(List.scala:334)
	at org.scalatest.SuperEngine.traverseSubNodes$1(Engine.scala:429)
	at org.scalatest.SuperEngine.runTestsInBranch(Engine.scala:396)
	at org.scalatest.SuperEngine.runTestsImpl(Engine.scala:475)
	at org.scalatest.funsuite.AnyFunSuiteLike.runTests(AnyFunSuiteLike.scala:249)
	at org.scalatest.funsuite.AnyFunSuiteLike.runTests$(AnyFunSuiteLike.scala:47)
	at org.scalatest.funsuite.AnyFunSuite.runTests(AnyFunSuite.scala:1563)
	at org.scalatest.Suite.run(Suite.scala:1112)
	at org.scalatest.Suite.run$(Suite.scala:563)
	at org.scalatest.funsuite.AnyFunSuite.org$scalatest$funsuite$AnyFunSuiteLike$$super$run(AnyFunSuite.scala:1563)
	at org.scalatest.funsuite.AnyFunSuiteLike.run$$anonfun$1(AnyFunSuiteLike.scala:253)
	at org.scalatest.SuperEngine.runImpl(Engine.scala:535)
	at org.scalatest.funsuite.AnyFunSuiteLike.run(AnyFunSuiteLike.scala:253)
	at org.scalatest.funsuite.AnyFunSuiteLike.run$(AnyFunSuiteLike.scala:47)
	at org.scalatest.funsuite.AnyFunSuite.run(AnyFunSuite.scala:1563)
	at org.scalatest.tools.Framework.org$scalatest$tools$Framework$$runSuite(Framework.scala:318)
	at org.scalatest.tools.Framework$ScalaTestTask.execute(Framework.scala:513)
	at sbt.TestRunner.runTest$1(TestFramework.scala:153)
	at sbt.TestRunner.run(TestFramework.scala:168)
	at sbt.TestFramework$$anon$3$$anonfun$$lessinit$greater$1.$anonfun$apply$1(TestFramework.scala:336)
	at sbt.TestFramework$.sbt$TestFramework$$withContextLoader(TestFramework.scala:296)
	at sbt.TestFramework$$anon$3$$anonfun$$lessinit$greater$1.apply(TestFramework.scala:336)
	at sbt.TestFramework$$anon$3$$anonfun$$lessinit$greater$1.apply(TestFramework.scala:336)
	at sbt.TestFunction.apply(TestFramework.scala:348)
	at sbt.Tests$.$anonfun$toTask$1(Tests.scala:436)
	at sbt.std.Transform$$anon$3.$anonfun$apply$2(Transform.scala:47)
	at sbt.std.Transform$$anon$4.work(Transform.scala:69)
	at sbt.Execute.$anonfun$submit$2(Execute.scala:283)
	at sbt.internal.util.ErrorHandling$.wideConvert(ErrorHandling.scala:24)
	at sbt.Execute.work(Execute.scala:292)
	at sbt.Execute.$anonfun$submit$1(Execute.scala:283)
	at sbt.ConcurrentRestrictions$$anon$4.$anonfun$submitValid$1(ConcurrentRestrictions.scala:265)
	at sbt.CompletionService$$anon$2.call(CompletionService.scala:65)
	at java.base/java.util.concurrent.FutureTask.run(FutureTask.java:328)
	at java.base/java.util.concurrent.Executors$RunnableAdapter.call(Executors.java:545)
	at java.base/java.util.concurrent.FutureTask.run(FutureTask.java:328)
	at java.base/java.util.concurrent.ThreadPoolExecutor.runWorker(ThreadPoolExecutor.java:1090)
	at java.base/java.util.concurrent.ThreadPoolExecutor$Worker.run(ThreadPoolExecutor.java:614)
	at java.base/java.lang.Thread.run(Thread.java:1474)
</failure>
                    </testcase><testcase classname="sutd.compiler.simp.TestMMUpDown" name="test maximal munch v2: y = 1; x = y + 1" time="0.004">
                      <failure message="List((1,IMove(Temp(AVar(y)),IntLit(1))), (2,IPlus(Temp(AVar(var_1)),Temp(AVar(y)),IntLit(1))), (3,IMove(Temp(AVar(x)),Temp(AVar(var_1))))) did not equal List((1,IMove(Temp(AVar(y)),IntLit(1))), (2,IMove(Temp(AVar(x)),IntLit(1))))" type="org.scalatest.exceptions.TestFailedException">org.scalatest.exceptions.TestFailedException: List((1,IMove(Temp(AVar(y)),IntLit(1))), (2,IPlus(Temp(AVar(var_1)),Temp(AVar(y)),IntLit(1))), (3,IMove(Temp(AVar(x)),Temp(AVar(var_1))))) did not equal List((1,IMove(Temp(AVar(y)),IntLit(1))), (2,IMove(Temp(AVar(x)),IntLit(1))))
	at org.scalatest.Assertions.newAssertionFailedException(Assertions.scala:476)
	at org.scalatest.Assertions.newAssertionFailedException$(Assertions.scala:421)
	at org.scalatest.Assertions$.newAssertionFailedException(Assertions.scala:1385)
	at org.scalatest.Assertions$AssertionsHelper.macroAssert(Assertions.scala:1460)
	at sutd.compiler.simp.TestMMUpDown.testFun$proxy3$1(TestMMUpDown.scala:54)
	at sutd.compiler.simp.TestMMUpDown.$init$$$anonfun$3(TestMMUpDown.scala:44)
	at org.scalatest.funsuite.AnyFunSuiteLike.testImpl$$anonfun$1(AnyFunSuiteLike.scala:125)
	at org.scalatest.Transformer.apply$$anonfun$1(Transformer.scala:22)
	at org.scalatest.OutcomeOf.outcomeOf(OutcomeOf.scala:85)
	at org.scalatest.OutcomeOf.outcomeOf$(OutcomeOf.scala:31)
	at org.scalatest.OutcomeOf$.outcomeOf(OutcomeOf.scala:104)
	at org.scalatest.Transformer.apply(Transformer.scala:22)
	at org.scalatest.Transformer.apply(Transformer.scala:21)
	at org.scalatest.funsuite.AnyFunSuiteLike$$anon$1.apply(AnyFunSuiteLike.scala:206)
	at org.scalatest.TestSuite.withFixture(TestSuite.scala:196)
	at org.scalatest.TestSuite.withFixture$(TestSuite.scala:138)
	at org.scalatest.funsuite.AnyFunSuite.withFixture(AnyFunSuite.scala:1563)
	at org.scalatest.funsuite.AnyFunSuiteLike.invokeWithFixture$1(AnyFunSuiteLike.scala:212)
	at org.scalatest.funsuite.AnyFunSuiteLike.runTest$$anonfun$1(AnyFunSuiteLike.scala:216)
	at org.scalatest.SuperEngine.runTestImpl(Engine.scala:306)
	at org.scalatest.funsuite.AnyFunSuiteLike.runTest(AnyFunSuiteLike.scala:216)
	at org.scalatest.funsuite.AnyFunSuiteLike.runTest$(AnyFunSuiteLike.scala:47)
	at org.scalatest.funsuite.AnyFunSuite.runTest(AnyFunSuite.scala:1563)
	at org.scalatest.funsuite.AnyFunSuiteLike.runTests$$anonfun$1(AnyFunSuiteLike.scala:249)
	at org.scalatest.SuperEngine.traverseSubNodes$2$$anonfun$1(Engine.scala:413)
	at scala.runtime.function.JProcedure1.apply(JProcedure1.java:15)
	at scala.runtime.function.JProcedure1.apply(JProcedure1.java:10)
	at scala.collection.immutable.List.foreach(List.scala:334)
	at org.scalatest.SuperEngine.traverseSubNodes$1(Engine.scala:429)
	at org.scalatest.SuperEngine.runTestsInBranch(Engine.scala:396)
	at org.scalatest.SuperEngine.runTestsImpl(Engine.scala:475)
	at org.scalatest.funsuite.AnyFunSuiteLike.runTests(AnyFunSuiteLike.scala:249)
	at org.scalatest.funsuite.AnyFunSuiteLike.runTests$(AnyFunSuiteLike.scala:47)
	at org.scalatest.funsuite.AnyFunSuite.runTests(AnyFunSuite.scala:1563)
	at org.scalatest.Suite.run(Suite.scala:1112)
	at org.scalatest.Suite.run$(Suite.scala:563)
	at org.scalatest.funsuite.AnyFunSuite.org$scalatest$funsuite$AnyFunSuiteLike$$super$run(AnyFunSuite.scala:1563)
	at org.scalatest.funsuite.AnyFunSuiteLike.run$$anonfun$1(AnyFunSuiteLike.scala:253)
	at org.scalatest.SuperEngine.runImpl(Engine.scala:535)
	at org.scalatest.funsuite.AnyFunSuiteLike.run(AnyFunSuiteLike.scala:253)
	at org.scalatest.funsuite.AnyFunSuiteLike.run$(AnyFunSuiteLike.scala:47)
	at org.scalatest.funsuite.AnyFunSuite.run(AnyFunSuite.scala:1563)
	at org.scalatest.tools.Framework.org$scalatest$tools$Framework$$runSuite(Framework.scala:318)
	at org.scalatest.tools.Framework$ScalaTestTask.execute(Framework.scala:513)
	at sbt.TestRunner.runTest$1(TestFramework.scala:153)
	at sbt.TestRunner.run(TestFramework.scala:168)
	at sbt.TestFramework$$anon$3$$anonfun$$lessinit$greater$1.$anonfun$apply$1(TestFramework.scala:336)
	at sbt.TestFramework$.sbt$TestFramework$$withContextLoader(TestFramework.scala:296)
	at sbt.TestFramework$$anon$3$$anonfun$$lessinit$greater$1.apply(TestFramework.scala:336)
	at sbt.TestFramework$$anon$3$$anonfun$$lessinit$greater$1.apply(TestFramework.scala:336)
	at sbt.TestFunction.apply(TestFramework.scala:348)
	at sbt.Tests$.$anonfun$toTask$1(Tests.scala:436)
	at sbt.std.Transform$$anon$3.$anonfun$apply$2(Transform.scala:47)
	at sbt.std.Transform$$anon$4.work(Transform.scala:69)
	at sbt.Execute.$anonfun$submit$2(Execute.scala:283)
	at sbt.internal.util.ErrorHandling$.wideConvert(ErrorHandling.scala:24)
	at sbt.Execute.work(Execute.scala:292)
	at sbt.Execute.$anonfun$submit$1(Execute.scala:283)
	at sbt.ConcurrentRestrictions$$anon$4.$anonfun$submitValid$1(ConcurrentRestrictions.scala:265)
	at sbt.CompletionService$$anon$2.call(CompletionService.scala:65)
	at java.base/java.util.concurrent.FutureTask.run(FutureTask.java:328)
	at java.base/java.util.concurrent.Executors$RunnableAdapter.call(Executors.java:545)
	at java.base/java.util.concurrent.FutureTask.run(FutureTask.java:328)
	at java.base/java.util.concurrent.ThreadPoolExecutor.runWorker(ThreadPoolExecutor.java:1090)
	at java.base/java.util.concurrent.ThreadPoolExecutor$Worker.run(ThreadPoolExecutor.java:614)
	at java.base/java.lang.Thread.run(Thread.java:1474)
</failure>
                    </testcase><testcase classname="sutd.compiler.simp.TestMMUpDown" name="test maximal munch v2: z = (x + 3) * (y - 5); return z" time="0.004">
                      <failure message="List((1,IPlus(Temp(AVar(var_1)),Temp(AVar(x)),IntLit(3))), (2,IMinus(Temp(AVar(var_2)),Temp(AVar(y)),IntLit(5))), (3,IMult(Temp(AVar(var_3)),Temp(AVar(var_1)),Temp(AVar(var_2)))), (4,IMove(Temp(AVar(z)),Temp(AVar(var_3)))), (5,IMove(Regstr(_r_ret),Temp(AVar(z)))), (6,IRet)) did not equal List((1,IMove(Temp(AVar(z)),IntLit(1))), (2,IMove(Regstr(_r_ret),Temp(AVar(z)))), (3,IRet))" type="org.scalatest.exceptions.TestFailedException">org.scalatest.exceptions.TestFailedException: List((1,IPlus(Temp(AVar(var_1)),Temp(AVar(x)),IntLit(3))), (2,IMinus(Temp(AVar(var_2)),Temp(AVar(y)),IntLit(5))), (3,IMult(Temp(AVar(var_3)),Temp(AVar(var_1)),Temp(AVar(var_2)))), (4,IMove(Temp(AVar(z)),Temp(AVar(var_3)))), (5,IMove(Regstr(_r_ret),Temp(AVar(z)))), (6,IRet)) did not equal List((1,IMove(Temp(AVar(z)),IntLit(1))), (2,IMove(Regstr(_r_ret),Temp(AVar(z)))), (3,IRet))
	at org.scalatest.Assertions.newAssertionFailedException(Assertions.scala:476)
	at org.scalatest.Assertions.newAssertionFailedException$(Assertions.scala:421)
	at org.scalatest.Assertions$.newAssertionFailedException(Assertions.scala:1385)
	at org.scalatest.Assertions$AssertionsHelper.macroAssert(Assertions.scala:1460)
	at sutd.compiler.simp.TestMMUpDown.testFun$proxy4$1(TestMMUpDown.scala:77)
	at sutd.compiler.simp.TestMMUpDown.$init$$$anonfun$4(TestMMUpDown.scala:63)
	at org.scalatest.funsuite.AnyFunSuiteLike.testImpl$$anonfun$1(AnyFunSuiteLike.scala:125)
	at org.scalatest.Transformer.apply$$anonfun$1(Transformer.scala:22)
	at org.scalatest.OutcomeOf.outcomeOf(OutcomeOf.scala:85)
	at org.scalatest.OutcomeOf.outcomeOf$(OutcomeOf.scala:31)
	at org.scalatest.OutcomeOf$.outcomeOf(OutcomeOf.scala:104)
	at org.scalatest.Transformer.apply(Transformer.scala:22)
	at org.scalatest.Transformer.apply(Transformer.scala:21)
	at org.scalatest.funsuite.AnyFunSuiteLike$$anon$1.apply(AnyFunSuiteLike.scala:206)
	at org.scalatest.TestSuite.withFixture(TestSuite.scala:196)
	at org.scalatest.TestSuite.withFixture$(TestSuite.scala:138)
	at org.scalatest.funsuite.AnyFunSuite.withFixture(AnyFunSuite.scala:1563)
	at org.scalatest.funsuite.AnyFunSuiteLike.invokeWithFixture$1(AnyFunSuiteLike.scala:212)
	at org.scalatest.funsuite.AnyFunSuiteLike.runTest$$anonfun$1(AnyFunSuiteLike.scala:216)
	at org.scalatest.SuperEngine.runTestImpl(Engine.scala:306)
	at org.scalatest.funsuite.AnyFunSuiteLike.runTest(AnyFunSuiteLike.scala:216)
	at org.scalatest.funsuite.AnyFunSuiteLike.runTest$(AnyFunSuiteLike.scala:47)
	at org.scalatest.funsuite.AnyFunSuite.runTest(AnyFunSuite.scala:1563)
	at org.scalatest.funsuite.AnyFunSuiteLike.runTests$$anonfun$1(AnyFunSuiteLike.scala:249)
	at org.scalatest.SuperEngine.traverseSubNodes$2$$anonfun$1(Engine.scala:413)
	at scala.runtime.function.JProcedure1.apply(JProcedure1.java:15)
	at scala.runtime.function.JProcedure1.apply(JProcedure1.java:10)
	at scala.collection.immutable.List.foreach(List.scala:334)
	at org.scalatest.SuperEngine.traverseSubNodes$1(Engine.scala:429)
	at org.scalatest.SuperEngine.runTestsInBranch(Engine.scala:396)
	at org.scalatest.SuperEngine.runTestsImpl(Engine.scala:475)
	at org.scalatest.funsuite.AnyFunSuiteLike.runTests(AnyFunSuiteLike.scala:249)
	at org.scalatest.funsuite.AnyFunSuiteLike.runTests$(AnyFunSuiteLike.scala:47)
	at org.scalatest.funsuite.AnyFunSuite.runTests(AnyFunSuite.scala:1563)
	at org.scalatest.Suite.run(Suite.scala:1112)
	at org.scalatest.Suite.run$(Suite.scala:563)
	at org.scalatest.funsuite.AnyFunSuite.org$scalatest$funsuite$AnyFunSuiteLike$$super$run(AnyFunSuite.scala:1563)
	at org.scalatest.funsuite.AnyFunSuiteLike.run$$anonfun$1(AnyFunSuiteLike.scala:253)
	at org.scalatest.SuperEngine.runImpl(Engine.scala:535)
	at org.scalatest.funsuite.AnyFunSuiteLike.run(AnyFunSuiteLike.scala:253)
	at org.scalatest.funsuite.AnyFunSuiteLike.run$(AnyFunSuiteLike.scala:47)
	at org.scalatest.funsuite.AnyFunSuite.run(AnyFunSuite.scala:1563)
	at org.scalatest.tools.Framework.org$scalatest$tools$Framework$$runSuite(Framework.scala:318)
	at org.scalatest.tools.Framework$ScalaTestTask.execute(Framework.scala:513)
	at sbt.TestRunner.runTest$1(TestFramework.scala:153)
	at sbt.TestRunner.run(TestFramework.scala:168)
	at sbt.TestFramework$$anon$3$$anonfun$$lessinit$greater$1.$anonfun$apply$1(TestFramework.scala:336)
	at sbt.TestFramework$.sbt$TestFramework$$withContextLoader(TestFramework.scala:296)
	at sbt.TestFramework$$anon$3$$anonfun$$lessinit$greater$1.apply(TestFramework.scala:336)
	at sbt.TestFramework$$anon$3$$anonfun$$lessinit$greater$1.apply(TestFramework.scala:336)
	at sbt.TestFunction.apply(TestFramework.scala:348)
	at sbt.Tests$.$anonfun$toTask$1(Tests.scala:436)
	at sbt.std.Transform$$anon$3.$anonfun$apply$2(Transform.scala:47)
	at sbt.std.Transform$$anon$4.work(Transform.scala:69)
	at sbt.Execute.$anonfun$submit$2(Execute.scala:283)
	at sbt.internal.util.ErrorHandling$.wideConvert(ErrorHandling.scala:24)
	at sbt.Execute.work(Execute.scala:292)
	at sbt.Execute.$anonfun$submit$1(Execute.scala:283)
	at sbt.ConcurrentRestrictions$$anon$4.$anonfun$submitValid$1(ConcurrentRestrictions.scala:265)
	at sbt.CompletionService$$anon$2.call(CompletionService.scala:65)
	at java.base/java.util.concurrent.FutureTask.run(FutureTask.java:328)
	at java.base/java.util.concurrent.Executors$RunnableAdapter.call(Executors.java:545)
	at java.base/java.util.concurrent.FutureTask.run(FutureTask.java:328)
	at java.base/java.util.concurrent.ThreadPoolExecutor.runWorker(ThreadPoolExecutor.java:1090)
	at java.base/java.util.concurrent.ThreadPoolExecutor$Worker.run(ThreadPoolExecutor.java:614)
	at java.base/java.lang.Thread.run(Thread.java:1474)
</failure>
                    </testcase><testcase classname="sutd.compiler.simp.TestMMUpDown" name="test maximal munch v2:
    x = 0
    y = 10
    i = 0
    while (i &lt; y) {
        x = x + i
        i = i + 1
    }
    return x" time="0.004">
                      <failure message="List((1,IMove(Temp(AVar(x)),IntLit(0))), (2,IMove(Temp(AVar(y)),IntLit(10))), (3,IMove(Temp(AVar(i)),IntLit(0))), (4,ILThan(Temp(AVar(var_1)),Temp(AVar(i)),Temp(AVar(y)))), (5,IIfNot(Temp(AVar(var_1)),11)), (6,IPlus(Temp(AVar(var_2)),Temp(AVar(x)),Temp(AVar(i)))), (7,IMove(Temp(AVar(x)),Temp(AVar(var_2)))), (8,IPlus(Temp(AVar(var_3)),Temp(AVar(i)),IntLit(1))), (9,IMove(Temp(AVar(i)),Temp(AVar(var_3)))), (10,IGoto(4)), (11,IMove(Regstr(_r_ret),Temp(AVar(x)))), (12,IRet)) did not equal List((1,IMove(Temp(AVar(x)),IntLit(0))), (2,IMove(Temp(AVar(y)),IntLit(10))), (3,IMove(Temp(AVar(i)),IntLit(0))), (4,IMove(Regstr(_r_ret),Temp(AVar(x)))), (5,IRet))" type="org.scalatest.exceptions.TestFailedException">org.scalatest.exceptions.TestFailedException: List((1,IMove(Temp(AVar(x)),IntLit(0))), (2,IMove(Temp(AVar(y)),IntLit(10))), (3,IMove(Temp(AVar(i)),IntLit(0))), (4,ILThan(Temp(AVar(var_1)),Temp(AVar(i)),Temp(AVar(y)))), (5,IIfNot(Temp(AVar(var_1)),11)), (6,IPlus(Temp(AVar(var_2)),Temp(AVar(x)),Temp(AVar(i)))), (7,IMove(Temp(AVar(x)),Temp(AVar(var_2)))), (8,IPlus(Temp(AVar(var_3)),Temp(AVar(i)),IntLit(1))), (9,IMove(Temp(AVar(i)),Temp(AVar(var_3)))), (10,IGoto(4)), (11,IMove(Regstr(_r_ret),Temp(AVar(x)))), (12,IRet)) did not equal List((1,IMove(Temp(AVar(x)),IntLit(0))), (2,IMove(Temp(AVar(y)),IntLit(10))), (3,IMove(Temp(AVar(i)),IntLit(0))), (4,IMove(Regstr(_r_ret),Temp(AVar(x)))), (5,IRet))
	at org.scalatest.Assertions.newAssertionFailedException(Assertions.scala:476)
	at org.scalatest.Assertions.newAssertionFailedException$(Assertions.scala:421)
	at org.scalatest.Assertions$.newAssertionFailedException(Assertions.scala:1385)
	at org.scalatest.Assertions$AssertionsHelper.macroAssert(Assertions.scala:1460)
	at sutd.compiler.simp.TestMMUpDown.testFun$proxy5$1(TestMMUpDown.scala:129)
	at sutd.compiler.simp.TestMMUpDown.$init$$$anonfun$5(TestMMUpDown.scala:92)
	at org.scalatest.funsuite.AnyFunSuiteLike.testImpl$$anonfun$1(AnyFunSuiteLike.scala:125)
	at org.scalatest.Transformer.apply$$anonfun$1(Transformer.scala:22)
	at org.scalatest.OutcomeOf.outcomeOf(OutcomeOf.scala:85)
	at org.scalatest.OutcomeOf.outcomeOf$(OutcomeOf.scala:31)
	at org.scalatest.OutcomeOf$.outcomeOf(OutcomeOf.scala:104)
	at org.scalatest.Transformer.apply(Transformer.scala:22)
	at org.scalatest.Transformer.apply(Transformer.scala:21)
	at org.scalatest.funsuite.AnyFunSuiteLike$$anon$1.apply(AnyFunSuiteLike.scala:206)
	at org.scalatest.TestSuite.withFixture(TestSuite.scala:196)
	at org.scalatest.TestSuite.withFixture$(TestSuite.scala:138)
	at org.scalatest.funsuite.AnyFunSuite.withFixture(AnyFunSuite.scala:1563)
	at org.scalatest.funsuite.AnyFunSuiteLike.invokeWithFixture$1(AnyFunSuiteLike.scala:212)
	at org.scalatest.funsuite.AnyFunSuiteLike.runTest$$anonfun$1(AnyFunSuiteLike.scala:216)
	at org.scalatest.SuperEngine.runTestImpl(Engine.scala:306)
	at org.scalatest.funsuite.AnyFunSuiteLike.runTest(AnyFunSuiteLike.scala:216)
	at org.scalatest.funsuite.AnyFunSuiteLike.runTest$(AnyFunSuiteLike.scala:47)
	at org.scalatest.funsuite.AnyFunSuite.runTest(AnyFunSuite.scala:1563)
	at org.scalatest.funsuite.AnyFunSuiteLike.runTests$$anonfun$1(AnyFunSuiteLike.scala:249)
	at org.scalatest.SuperEngine.traverseSubNodes$2$$anonfun$1(Engine.scala:413)
	at scala.runtime.function.JProcedure1.apply(JProcedure1.java:15)
	at scala.runtime.function.JProcedure1.apply(JProcedure1.java:10)
	at scala.collection.immutable.List.foreach(List.scala:334)
	at org.scalatest.SuperEngine.traverseSubNodes$1(Engine.scala:429)
	at org.scalatest.SuperEngine.runTestsInBranch(Engine.scala:396)
	at org.scalatest.SuperEngine.runTestsImpl(Engine.scala:475)
	at org.scalatest.funsuite.AnyFunSuiteLike.runTests(AnyFunSuiteLike.scala:249)
	at org.scalatest.funsuite.AnyFunSuiteLike.runTests$(AnyFunSuiteLike.scala:47)
	at org.scalatest.funsuite.AnyFunSuite.runTests(AnyFunSuite.scala:1563)
	at org.scalatest.Suite.run(Suite.scala:1112)
	at org.scalatest.Suite.run$(Suite.scala:563)
	at org.scalatest.funsuite.AnyFunSuite.org$scalatest$funsuite$AnyFunSuiteLike$$super$run(AnyFunSuite.scala:1563)
	at org.scalatest.funsuite.AnyFunSuiteLike.run$$anonfun$1(AnyFunSuiteLike.scala:253)
	at org.scalatest.SuperEngine.runImpl(Engine.scala:535)
	at org.scalatest.funsuite.AnyFunSuiteLike.run(AnyFunSuiteLike.scala:253)
	at org.scalatest.funsuite.AnyFunSuiteLike.run$(AnyFunSuiteLike.scala:47)
	at org.scalatest.funsuite.AnyFunSuite.run(AnyFunSuite.scala:1563)
	at org.scalatest.tools.Framework.org$scalatest$tools$Framework$$runSuite(Framework.scala:318)
	at org.scalatest.tools.Framework$ScalaTestTask.execute(Framework.scala:513)
	at sbt.TestRunner.runTest$1(TestFramework.scala:153)
	at sbt.TestRunner.run(TestFramework.scala:168)
	at sbt.TestFramework$$anon$3$$anonfun$$lessinit$greater$1.$anonfun$apply$1(TestFramework.scala:336)
	at sbt.TestFramework$.sbt$TestFramework$$withContextLoader(TestFramework.scala:296)
	at sbt.TestFramework$$anon$3$$anonfun$$lessinit$greater$1.apply(TestFramework.scala:336)
	at sbt.TestFramework$$anon$3$$anonfun$$lessinit$greater$1.apply(TestFramework.scala:336)
	at sbt.TestFunction.apply(TestFramework.scala:348)
	at sbt.Tests$.$anonfun$toTask$1(Tests.scala:436)
	at sbt.std.Transform$$anon$3.$anonfun$apply$2(Transform.scala:47)
	at sbt.std.Transform$$anon$4.work(Transform.scala:69)
	at sbt.Execute.$anonfun$submit$2(Execute.scala:283)
	at sbt.internal.util.ErrorHandling$.wideConvert(ErrorHandling.scala:24)
	at sbt.Execute.work(Execute.scala:292)
	at sbt.Execute.$anonfun$submit$1(Execute.scala:283)
	at sbt.ConcurrentRestrictions$$anon$4.$anonfun$submitValid$1(ConcurrentRestrictions.scala:265)
	at sbt.CompletionService$$anon$2.call(CompletionService.scala:65)
	at java.base/java.util.concurrent.FutureTask.run(FutureTask.java:328)
	at java.base/java.util.concurrent.Executors$RunnableAdapter.call(Executors.java:545)
	at java.base/java.util.concurrent.FutureTask.run(FutureTask.java:328)
	at java.base/java.util.concurrent.ThreadPoolExecutor.runWorker(ThreadPoolExecutor.java:1090)
	at java.base/java.util.concurrent.ThreadPoolExecutor$Worker.run(ThreadPoolExecutor.java:614)
	at java.base/java.lang.Thread.run(Thread.java:1474)
</failure>
                    </testcase>
          <system-out><![CDATA[]]></system-out>
          <system-err><![CDATA[]]></system-err>
        </testsuite>