[0m[[0m[0mdebug[0m] [0m[0mRunning TaskDef(sutd.compiler.simp.TestSignAnalysis, org.scalatest.tools.Framework$$anon$1@54dcf78e, false, [SuiteSelector])[0m
[0m[[0m[0mdebug[0m] [0m[0mRunning TaskDef(sutd.compiler.simp.TestCFG, org.scalatest.tools.Framework$$anon$1@54dcf78e, false, [SuiteSelector])[0m
[0m[[0m[0mdebug[0m] [0m[0mRunning TaskDef(sutd.compiler.simp.TestParser, org.scalatest.tools.Framework$$anon$1@54dcf78e, false, [SuiteSelector])[0m
[0m[[0m[0mdebug[0m] [0m[0mRunning TaskDef(sutd.compiler.simp.TestLivenessAnalysis, org.scalatest.tools.Framework$$anon$1@54dcf78e, false, [SuiteSelector])[0m
[0m[[0m[0mdebug[0m] [0m[0mRunning TaskDef(sutd.compiler.simp.TestSimpInt, org.scalatest.tools.Framework$$anon$1@54dcf78e, false, [SuiteSelector])[0m
[0m[[0m[0mdebug[0m] [0m[0mRunning TaskDef(sutd.compiler.simp.TestLexer, org.scalatest.tools.Framework$$anon$1@54dcf78e, false, [SuiteSelector])[0m
[0m[[0m[0mdebug[0m] [0m[0mRunning TaskDef(sutd.compiler.simp.TestSSA, org.scalatest.tools.Framework$$anon$1@54dcf78e, false, [SuiteSelector])[0m
[0m[[0m[0mdebug[0m] [0m[0mRunning TaskDef(sutd.compiler.simp.TestDF, org.scalatest.tools.Framework$$anon$1@54dcf78e, false, [SuiteSelector])[0m
[0m[[0m[0mdebug[0m] [0m[0mRunning TaskDef(sutd.compiler.simp.TestTypeInf, org.scalatest.tools.Framework$$anon$1@54dcf78e, false, [SuiteSelector])[0m
[0m[[0m[0mdebug[0m] [0m[0mRunning TaskDef(sutd.compiler.simp.TestMMUpDown, org.scalatest.tools.Framework$$anon$1@54dcf78e, false, [SuiteSelector])[0m
[0m[[0m[0mdebug[0m] [0m[0mRunning TaskDef(sutd.compiler.simp.TestPAInt, org.scalatest.tools.Framework$$anon$1@54dcf78e, false, [SuiteSelector])[0m
[0m[[0m[0mdebug[0m] [0m[0mRunning TaskDef(sutd.compiler.simp.TestMaximalMunch, org.scalatest.tools.Framework$$anon$1@54dcf78e, false, [SuiteSelector])[0m
[0m[[0m[0minfo[0m] [0m[0m[32mTestSignAnalysis:[0m[0m
[0m[[0m[0minfo[0m] [0m[0m[31m- test Sign Analysis with sum() *** FAILED ***[0m[0m
[0m[[0m[0minfo[0m] [0m[0m[31m  org.scalatest.exceptions.TestFailedException was thrown. (TestSignAnalysis.scala:61)[0m[0m
[0m[[0m[0minfo[0m] [0m[0m[31m- test Sign Analysis with descending subraction *** FAILED ***[0m[0m
[0m[[0m[0minfo[0m] [0m[0m[31m  org.scalatest.exceptions.TestFailedException was thrown. (TestSignAnalysis.scala:121)[0m[0m
[0m[[0m[0minfo[0m] [0m[0m[32mTestLivenessAnalysis:[0m[0m
[0m[[0m[0minfo[0m] [0m[0m[31m- test Liveness Analysis with simple ex *** FAILED ***[0m[0m
[0m[[0m[0minfo[0m] [0m[0m[31m  HashMap(5 -> Set("w"), 1 -> Set("input"), 6 -> Set(), 2 -> Set(), 3 -> Set(), 4 -> Set()) did not equal HashMap(5 -> Set("w"), 1 -> Set("input"), 6 -> Set(), 2 -> Set("x"), 3 -> Set("y"), 4 -> Set("y", "z")) (TestLivenessAnalysis.scala:53)[0m[0m
[0m[[0m[0minfo[0m] [0m[0m[31m  Analysis:[0m[0m
[0m[[0m[0minfo[0m] [0m[0m[31m  HashMap(2: Set() -> Set(x), 3: Set() -> Set(y), 4: Set() -> Set(y, z))[0m[0m
[0m[[0m[0minfo[0m] [0m[0m[31m- test Liveness Analysis with sum() *** FAILED ***[0m[0m
[0m[[0m[0minfo[0m] [0m[0m[31m  HashMap(5 -> Set("b"), 10 -> Set(), 1 -> Set("input"), 6 -> Set(), 9 -> Set("s"), 2 -> Set(), 7 -> Set(), 3 -> Set(), 8 -> Set(), 4 -> Set()) did not equal HashMap(5 -> Set("x", "c", "s", "b"), 10 -> Set(), 1 -> Set("input"), 6 -> Set("x", "c", "s"), 9 -> Set("s"), 2 -> Set("x"), 7 -> Set("s", "x", "c"), 3 -> Set("s", "x"), 8 -> Set("c", "s", "x"), 4 -> Set("c", "s", "x")) (TestLivenessAnalysis.scala:107)[0m[0m
[0m[[0m[0minfo[0m] [0m[0m[31m  Analysis:[0m[0m
[0m[[0m[0minfo[0m] [0m[0m[31m  HashMap(2: Set() -> Set(x), 3: Set() -> Set(s, x), 4: Set() -> Set(c, s, x), 5: Set(b) -> Set(x, c, s, b), 6: Set() -> Set(x, c, s), 7: Set() -> Set(s, x, c), 8: Set() -> Set(c, s, x))[0m[0m
[0m[[0m[0minfo[0m] [0m[0m[31m- test Liveness Analysis with notes example *** FAILED ***[0m[0m
[0m[[0m[0minfo[0m] [0m[0m[31m  HashMap(5 -> Set("b"), 10 -> Set("s"), 1 -> Set("input"), 6 -> Set(), 9 -> Set(), 2 -> Set(), 7 -> Set("s"), 3 -> Set(), 11 -> Set(), 8 -> Set(), 4 -> Set()) did not equal HashMap(5 -> Set("x", "s", "y", "b"), 10 -> Set("s"), 1 -> Set("input"), 6 -> Set("x", "s", "y"), 9 -> Set("s", "y", "x"), 2 -> Set("x"), 7 -> Set("y", "x", "s"), 3 -> Set("y", "x"), 11 -> Set(), 8 -> Set("y", "x", "s"), 4 -> Set("s", "y", "x")) (TestLivenessAnalysis.scala:164)[0m[0m
[0m[[0m[0minfo[0m] [0m[0m[31m  Analysis:[0m[0m
[0m[[0m[0minfo[0m] [0m[0m[31m  HashMap(2: Set() -> Set(x), 3: Set() -> Set(y, x), 4: Set() -> Set(s, y, x), 5: Set(b) -> Set(x, s, y, b), 6: Set() -> Set(x, s, y), 7: Set(s) -> Set(y, x, s), 8: Set() -> Set(y, x, s), 9: Set() -> Set(s, y, x))[0m[0m
[0m[[0m[0minfo[0m] [0m[0m[31m- test Liveness Analysis with fib() *** FAILED ***[0m[0m
[0m[[0m[0minfo[0m] [0m[0m[31m  HashMap(5 -> Set(), 10 -> Set(), 14 -> Set(), 1 -> Set("input"), 6 -> Set(), 9 -> Set("s"), 13 -> Set("s"), 2 -> Set(), 12 -> Set(), 7 -> Set("b"), 3 -> Set(), 11 -> Set(), 8 -> Set("f"), 4 -> Set()) did not equal HashMap(5 -> Set("s", "f", "c", "x"), 10 -> Set("f", "x", "c", "t"), 14 -> Set(), 1 -> Set("input"), 6 -> Set("c", "s", "f", "x"), 9 -> Set("x", "c", "t", "s"), 13 -> Set("s"), 2 -> Set("x"), 12 -> Set("c", "s", "f", "x"), 7 -> HashSet("f", "b", "c", "s", "x"), 3 -> Set("f", "x"), 11 -> Set("s", "f", "x", "c"), 8 -> Set("x", "c", "s", "f"), 4 -> Set("s", "f", "x")) (TestLivenessAnalysis.scala:231)[0m[0m
[0m[[0m[0minfo[0m] [0m[0m[31m  Analysis:[0m[0m
[0m[[0m[0minfo[0m] [0m[0m[31m  HashMap(10: Set() -> Set(f, x, c, t), 11: Set() -> Set(s, f, x, c), 12: Set() -> Set(c, s, f, x), 2: Set() -> Set(x), 3: Set() -> Set(f, x), 4: Set() -> Set(s, f, x), 5: Set() -> Set(s, f, c, x), 6: Set() -> Set(c, s, f, x), 7: Set(b) -> HashSet(f, b, c, s, x), 8: Set(f) -> Set(x, c, s, f), 9: Set(s) -> Set(x, c, t, s))[0m[0m
[0m[[0m[0minfo[0m] [0m[0m[32mTestParser:[0m[0m
[0m[[0m[0minfo[0m] [0m[0m[32m- test p_spaces: parsing 0 spaces[0m[0m
[0m[[0m[0minfo[0m] [0m[0m[32m- test p_spaces: parsing 3 spaces[0m[0m
[0m[[0m[0minfo[0m] [0m[0m[32m- test p_spaces: parsing 3 tabs[0m[0m
[0m[[0m[0minfo[0m] [0m[0m[32m- test p_spaces: should not parse id[0m[0m
[0m[[0m[0minfo[0m] [0m[0m[31m- test p_exp: parsing x + 1 *** FAILED ***[0m[0m
[0m[[0m[0minfo[0m] [0m[0m[31m  org.scalatest.exceptions.TestFailedException was thrown. (TestParser.scala:103)[0m[0m
[0m[[0m[0minfo[0m] [0m[0m[31m- test p_exp: parsing x - (1 + (y * 2)) *** FAILED ***[0m[0m
[0m[[0m[0minfo[0m] [0m[0m[31m  org.scalatest.exceptions.TestFailedException was thrown. (TestParser.scala:124)[0m[0m
[0m[[0m[0minfo[0m] [0m[0m[31m- test parser: parsing y = 1; x = x + 1; *** FAILED ***[0m[0m
[0m[[0m[0minfo[0m] [0m[0m[31m  org.scalatest.exceptions.TestFailedException was thrown. (TestParser.scala:144)[0m[0m
[0m[[0m[0minfo[0m] [0m[0m[32mTestMMUpDown:[0m[0m
[0m[[0m[0minfo[0m] [0m[0m[31m- test maximal munch v2 genExp: y + 1 *** FAILED ***[0m[0m
[0m[[0m[0minfo[0m] [0m[0m[31m  List((1,IPlus(Temp(AVar(var_1)),Temp(AVar(y)),IntLit(1)))) did not equal List() (TestMMUpDown.scala:22)[0m[0m
[0m[[0m[0minfo[0m] [0m[0m[31m  Analysis:[0m[0m
[0m[[0m[0minfo[0m] [0m[0m[31m  List(0: (1,IPlus(Temp(AVar(var_1)),Temp(AVar(y)),IntLit(1))) -> )[0m[0m
[0m[[0m[0minfo[0m] [0m[0m[31m- test maximal munch v2 genExp: (x + 3) * (y - 5) *** FAILED ***[0m[0m
[0m[[0m[0minfo[0m] [0m[0m[31m  List((1,IPlus(Temp(AVar(var_1)),Temp(AVar(x)),IntLit(3))), (2,IMinus(Temp(AVar(var_2)),Temp(AVar(y)),IntLit(5))), (3,IMult(Temp(AVar(var_3)),Temp(AVar(var_1)),Temp(AVar(var_2))))) did not equal List() (TestMMUpDown.scala:36)[0m[0m
[0m[[0m[0minfo[0m] [0m[0m[31m  Analysis:[0m[0m
[0m[[0m[0minfo[0m] [0m[0m[31m  List(0: (1,IPlus(Temp(AVar(var_1)),Temp(AVar(x)),IntLit(3))) -> , 1: (2,IMinus(Temp(AVar(var_2)),Temp(AVar(y)),IntLit(5))) -> , 2: (3,IMult(Temp(AVar(var_3)),Temp(AVar(var_1)),Temp(AVar(var_2)))) -> )[0m[0m
[0m[[0m[0minfo[0m] [0m[0m[31m- test maximal munch v2: y = 1; x = y + 1 *** FAILED ***[0m[0m
[0m[[0m[0minfo[0m] [0m[0m[31m  List((1,IMove(Temp(AVar(y)),IntLit(1))), (2,IPlus(Temp(AVar(var_1)),Temp(AVar(y)),IntLit(1))), (3,IMove(Temp(AVar(x)),Temp(AVar(var_1))))) did not equal List((1,IMove(Temp(AVar(y)),IntLit(1))), (2,IMove(Temp(AVar(x)),IntLit(1)))) (TestMMUpDown.scala:54)[0m[0m
[0m[[0m[0minfo[0m] [0m[0m[31m  Analysis:[0m[0m
[0m[[0m[0minfo[0m] [0m[0m[31m  List(1: (2,IPlus(Temp(AVar(var_1)),Temp(AVar(y)),IntLit(1))) -> (2,IMove(Temp(AVar(x)),IntLit(1))), 2: (3,IMove(Temp(AVar(x)),Temp(AVar(var_1)))) -> )[0m[0m
[0m[[0m[0minfo[0m] [0m[0m[31m- test maximal munch v2: z = (x + 3) * (y - 5); return z *** FAILED ***[0m[0m
[0m[[0m[0minfo[0m] [0m[0m[31m  List((1,IPlus(Temp(AVar(var_1)),Temp(AVar(x)),IntLit(3))), (2,IMinus(Temp(AVar(var_2)),Temp(AVar(y)),IntLit(5))), (3,IMult(Temp(AVar(var_3)),Temp(AVar(var_1)),Temp(AVar(var_2)))), (4,IMove(Temp(AVar(z)),Temp(AVar(var_3)))), (5,IMove(Regstr(_r_ret),Temp(AVar(z)))), (6,IRet)) did not equal List((1,IMove(Temp(AVar(z)),IntLit(1))), (2,IMove(Regstr(_r_ret),Temp(AVar(z)))), (3,IRet)) (TestMMUpDown.scala:77)[0m[0m
[0m[[0m[0minfo[0m] [0m[0m[31m- test parser: parsing [0m[0m
[0m[[0m[0minfo[0m] [0m[0m[31mx = input;[0m[0m
[0m[[0m[0minfo[0m] [0m[0m[31ms = 0;[0m[0m
[0m[[0m[0minfo[0m] [0m[0m[31mc = 0;[0m[0m
[0m[[0m[0minfo[0m] [0m[0m[31mwhile c < x {[0m[0m
[0m[[0m[0minfo[0m] [0m[0m[31m    s = c + s;[0m[0m
[0m[[0m[0minfo[0m] [0m[0m[31m    c = c + 1;[0m[0m
[0m[[0m[0minfo[0m] [0m[0m[31m}[0m[0m
[0m[[0m[0minfo[0m] [0m[0m[31mreturn s;[0m[0m
[0m[[0m[0minfo[0m] [0m[0m[31m  Analysis:[0m[0m
[0m[[0m[0minfo[0m] [0m[0m[31m         *** FAILED ***[0m[0m
[0m[[0m[0minfo[0m] [0m[0m[31m  List(0: (1,IPlus(Temp(AVar(var_1)),Temp(AVar(x)),IntLit(3))) -> (1,IMove(Temp(AVar(z)),IntLit(1))), 1: (2,IMinus(Temp(AVar(var_2)),Temp(AVar(y)),IntLit(5))) -> (2,IMove(Regstr(_r_ret),Temp(AVar(z)))), 2: (3,IMult(Temp(AVar(var_3)),Temp(AVar(var_1)),Temp(AVar(var_2)))) -> (3,IRet), 3: (4,IMove(Temp(AVar(z)),Temp(AVar(var_3)))) -> , 4: (5,IMove(Regstr(_r_ret),Temp(AVar(z)))) -> , 5: (6,IRet) -> )[0m[0m
[0m[[0m[0minfo[0m] [0m[0m[31m- test maximal munch v2:[0m[0m
[0m[[0m[0minfo[0m] [0m[0m[31m    x = 0[0m[0m
[0m[[0m[0minfo[0m] [0m[0m[31m    y = 10[0m[0m
[0m[[0m[0minfo[0m] [0m[0m[31m    i = 0[0m[0m
[0m[[0m[0minfo[0m] [0m[0m[31m    while (i < y) {[0m[0m
[0m[[0m[0minfo[0m] [0m[0m[31m        x = x + i[0m[0m
[0m[[0m[0minfo[0m] [0m[0m[31m        i = i + 1[0m[0m
[0m[[0m[0minfo[0m] [0m[0m[31m    }[0m[0m
[0m[[0m[0minfo[0m] [0m[0m[31m    return x[0m[0m
[0m[[0m[0minfo[0m] [0m[0m[31m     *** FAILED ***[0m[0m
[0m[[0m[0minfo[0m] [0m[0m[31m  List((1,IMove(Temp(AVar(x)),IntLit(0))), (2,IMove(Temp(AVar(y)),IntLit(10))), (3,IMove(Temp(AVar(i)),IntLit(0))), (4,ILThan(Temp(AVar(var_1)),Temp(AVar(i)),Temp(AVar(y)))), (5,IIfNot(Temp(AVar(var_1)),11)), (6,IPlus(Temp(AVar(var_2)),Temp(AVar(x)),Temp(AVar(i)))), (7,IMove(Temp(AVar(x)),Temp(AVar(var_2)))), (8,IPlus(Temp(AVar(var_3)),Temp(AVar(i)),IntLit(1))), (9,IMove(Temp(AVar(i)),Temp(AVar(var_3)))), (10,IGoto(4)), (11,IMove(Regstr(_r_ret),Temp(AVar(x)))), (12,IRet)) did not equal List((1,IMove(Temp(AVar(x)),IntLit(0))), (2,IMove(Temp(AVar(y)),IntLit(10))), (3,IMove(Temp(AVar(i)),IntLit(0))), (4,IMove(Regstr(_r_ret),Temp(AVar(x)))), (5,IRet)) (TestMMUpDown.scala:129)[0m[0m
[0m[[0m[0minfo[0m] [0m[0m[31m  Analysis:[0m[0m
[0m[[0m[0minfo[0m] [0m[0m[31m  List(10: (11,IMove(Regstr(_r_ret),Temp(AVar(x)))) -> , 11: (12,IRet) -> , 3: (4,ILThan(Temp(AVar(var_1)),Temp(AVar(i)),Temp(AVar(y)))) -> (4,IMove(Regstr(_r_ret),Temp(AVar(x)))), 4: (5,IIfNot(Temp(AVar(var_1)),11)) -> (5,IRet), 5: (6,IPlus(Temp(AVar(var_2)),Temp(AVar(x)),Temp(AVar(i)))) -> , 6: (7,IMove(Temp(AVar(x)),Temp(AVar(var_2)))) -> , 7: (8,IPlus(Temp(AVar(var_3)),Temp(AVar(i)),IntLit(1))) -> , 8: (9,IMove(Temp(AVar(i)),Temp(AVar(var_3)))) -> , 9: (10,IGoto(4)) -> )[0m[0m
[0m[[0m[0minfo[0m] [0m[0m[31m  org.scalatest.exceptions.TestFailedException was thrown. (TestParser.scala:185)[0m[0m
[0m[[0m[0minfo[0m] [0m[0m[32mTestLexer:[0m[0m
[0m[[0m[0minfo[0m] [0m[0m[32m- test lexer: lexing y = 1; x = x + 1; [0m[0m
[0m[[0m[0minfo[0m] [0m[0m[32m- test lexer: lexing y = input; [0m[0m
[0m[[0m[0minfo[0m] [0m[0m[32m- test lexer: lexing [0m[0m
[0m[[0m[0minfo[0m] [0m[0m[32m            x = input;[0m[0m
[0m[[0m[0minfo[0m] [0m[0m[32m            s = 0;[0m[0m
[0m[[0m[0minfo[0m] [0m[0m[32m            c = 0;[0m[0m
[0m[[0m[0minfo[0m] [0m[0m[32m            while c < x {[0m[0m
[0m[[0m[0minfo[0m] [0m[0m[32m                s = c + s;[0m[0m
[0m[[0m[0minfo[0m] [0m[0m[32m                c = c + 1;[0m[0m
[0m[[0m[0minfo[0m] [0m[0m[32m            }[0m[0m
[0m[[0m[0minfo[0m] [0m[0m[32m            return s;[0m[0m
[0m[[0m[0minfo[0m] [0m[0m[32m            [0m[0m
[0m[[0m[0minfo[0m] [0m[0m[32mTestPAInt:[0m[0m
[0m[[0m[0minfo[0m] [0m[0m[32m- test PA interpretor with sum(3)[0m[0m
[0m[[0m[0minfo[0m] [0m[0m[32m- test PA interpretor with fib(4)[0m[0m
[0m[[0m[0minfo[0m] [0m[0m[32m- test PA interpretor with with sum((0 to 10).map(fib(_)))[0m[0m
[0m[[0m[0minfo[0m] [0m[0m[32mTestSSA:[0m[0m
[0m[[0m[0minfo[0m] [0m[0m[31m- testing buildSSA 1 *** FAILED ***[0m[0m
[0m[[0m[0minfo[0m] [0m[0m[31m  org.scalatest.exceptions.TestFailedException was thrown. (TestSSA.scala:48)[0m[0m
[0m[[0m[0minfo[0m] [0m[0m[31m- testing buildSSA 2 *** FAILED ***[0m[0m
[0m[[0m[0minfo[0m] [0m[0m[31m  org.scalatest.exceptions.TestFailedException was thrown. (TestSSA.scala:120)[0m[0m
[0m[[0m[0minfo[0m] [0m[0m[31m- testing buildSSA 3 *** FAILED ***[0m[0m
[0m[[0m[0minfo[0m] [0m[0m[31m  org.scalatest.exceptions.TestFailedException was thrown. (TestSSA.scala:218)[0m[0m
[0m[[0m[0minfo[0m] [0m[0m[32mTestMaximalMunch:[0m[0m
[0m[[0m[0minfo[0m] [0m[0m[32m- test maximal munch: y = 1; x = y + 1[0m[0m
[0m[[0m[0minfo[0m] [0m[0m[32m- test maximal munch: z = (x + 3) * (y - 5); return z[0m[0m
[0m[[0m[0minfo[0m] [0m[0m[32m- test maximal munch:[0m[0m
[0m[[0m[0minfo[0m] [0m[0m[32m    x = 0[0m[0m
[0m[[0m[0minfo[0m] [0m[0m[32m    y = 10[0m[0m
[0m[[0m[0minfo[0m] [0m[0m[32m    i = 0[0m[0m
[0m[[0m[0minfo[0m] [0m[0m[32m    while (i < y) {[0m[0m
[0m[[0m[0minfo[0m] [0m[0m[32m        x = x + i[0m[0m
[0m[[0m[0minfo[0m] [0m[0m[32m        i = i + 1[0m[0m
[0m[[0m[0minfo[0m] [0m[0m[32m    }[0m[0m
[0m[[0m[0minfo[0m] [0m[0m[32m    return x[0m[0m
[0m[[0m[0minfo[0m] [0m[0m[32m    [0m[0m
[0m[[0m[0minfo[0m] [0m[0m[32mTestCFG:[0m[0m
[0m[[0m[0minfo[0m] [0m[0m[32m- testing buildCFG 1[0m[0m
[0m[[0m[0minfo[0m] [0m[0m[32m- testing buildCFG 2[0m[0m
[0m[[0m[0minfo[0m] [0m[0m[32m- testing buildCFG 3[0m[0m
[0m[[0m[0minfo[0m] [0m[0m[32mTestDF:[0m[0m
[0m[[0m[0minfo[0m] [0m[0m[32m- testing buildDomTree 1[0m[0m
[0m[[0m[0minfo[0m] [0m[0m[32m- testing buildDomTree 2[0m[0m
[0m[[0m[0minfo[0m] [0m[0m[32m- testing buildDomTree 3[0m[0m
[0m[[0m[0minfo[0m] [0m[0m[31m- test buildDFT 1 *** FAILED ***[0m[0m
[0m[[0m[0minfo[0m] [0m[0m[31m  HashMap(5 -> List(), 10 -> List(), 1 -> List(), 6 -> List(), 9 -> List(), 2 -> List(), 12 -> List(), 7 -> List(), 3 -> List(), 11 -> List(), 8 -> List(), 4 -> List()) did not equal HashMap(5 -> List(4), 10 -> List(4), 1 -> List(), 6 -> List(4), 9 -> List(4), 2 -> List(), 12 -> List(), 7 -> List(4), 3 -> List(), 11 -> List(), 8 -> List(4), 4 -> List(4)) (TestDF.scala:159)[0m[0m
[0m[[0m[0minfo[0m] [0m[0m[31m  Analysis:[0m[0m
[0m[[0m[0minfo[0m] [0m[0m[31m  HashMap(10: List() -> List(4), 4: List() -> List(4), 5: List() -> List(4), 6: List() -> List(4), 7: List() -> List(4), 8: List() -> List(4), 9: List() -> List(4))[0m[0m
[0m[[0m[0minfo[0m] [0m[0m[31m- test buildDFT 2 *** FAILED ***[0m[0m
[0m[[0m[0minfo[0m] [0m[0m[31m  HashMap(5 -> List(), 10 -> List(), 14 -> List(), 1 -> List(), 6 -> List(), 9 -> List(), 13 -> List(), 2 -> List(), 12 -> List(), 7 -> List(), 3 -> List(), 11 -> List(), 8 -> List(), 4 -> List()) did not equal HashMap(5 -> List(), 10 -> List(6), 14 -> List(), 1 -> List(), 6 -> List(6), 9 -> List(6), 13 -> List(), 2 -> List(), 12 -> List(6), 7 -> List(6), 3 -> List(), 11 -> List(6), 8 -> List(6), 4 -> List()) (TestDF.scala:193)[0m[0m
[0m[[0m[0minfo[0m] [0m[0m[31m  Analysis:[0m[0m
[0m[[0m[0minfo[0m] [0m[0m[31m  HashMap(10: List() -> List(6), 11: List() -> List(6), 12: List() -> List(6), 6: List() -> List(6), 7: List() -> List(6), 8: List() -> List(6), 9: List() -> List(6))[0m[0m
[0m[[0m[0minfo[0m] [0m[0m[31m- test buildDFT 3 *** FAILED ***[0m[0m
[0m[[0m[0minfo[0m] [0m[0m[31m  HashMap(5 -> List(), 10 -> List(), 14 -> List(), 20 -> List(), 1 -> List(), 6 -> List(), 21 -> List(), 9 -> List(), 13 -> List(), 2 -> List(), 17 -> List(), 12 -> List(), 7 -> List(), 3 -> List(), 18 -> List(), 16 -> List(), 11 -> List(), 8 -> List(), 19 -> List(), 4 -> List(), 15 -> List()) did not equal HashMap(5 -> List(4), 10 -> List(10, 4), 14 -> List(10), 20 -> List(), 1 -> List(), 6 -> List(4), 21 -> List(), 9 -> List(4), 13 -> List(10), 2 -> List(), 17 -> List(4), 12 -> List(10), 7 -> List(4), 3 -> List(), 18 -> List(4), 16 -> List(10), 11 -> List(10, 4), 8 -> List(4), 19 -> List(4), 4 -> List(4), 15 -> List(10)) (TestDF.scala:240)[0m[0m
[0m[[0m[0minfo[0m] [0m[0m[31m  Analysis:[0m[0m
[0m[[0m[0minfo[0m] [0m[0m[31m  HashMap(10: List() -> List(10, 4), 11: List() -> List(10, 4), 12: List() -> List(10), 13: List() -> List(10), 14: List() -> List(10), 15: List() -> List(10), 16: List() -> List(10), 17: List() -> List(4), 18: List() -> List(4), 19: List() -> List(4), 4: List() -> List(4), 5: List() -> List(4), 6: List() -> List(4), 7: List() -> List(4), 8: List() -> List(4), 9: List() -> List(4))[0m[0m
[0m[[0m[0minfo[0m] [0m[0m[32mTestSimpInt:[0m[0m
[0m[[0m[0minfo[0m] [0m[0m[31m- test simp evalExp with c + s *** FAILED ***[0m[0m
[0m[[0m[0minfo[0m] [0m[0m[31m  org.scalatest.exceptions.TestFailedException was thrown. (TestSimpInt.scala:25)[0m[0m
[0m[[0m[0minfo[0m] [0m[0m[31m- test simp evalExp with c < (s * 2) *** FAILED ***[0m[0m
[0m[[0m[0minfo[0m] [0m[0m[31m  org.scalatest.exceptions.TestFailedException was thrown. (TestSimpInt.scala:42)[0m[0m
[0m[[0m[0minfo[0m] [0m[0m[31m- test simp interpretor with sum(3) *** FAILED ***[0m[0m
[0m[[0m[0minfo[0m] [0m[0m[31m  org.scalatest.exceptions.TestFailedException was thrown. (TestSimpInt.scala:77)[0m[0m
[0m[[0m[0minfo[0m] [0m[0m[31m- test simp interpretor with fib(4) *** FAILED ***[0m[0m
[0m[[0m[0minfo[0m] [0m[0m[31m  org.scalatest.exceptions.TestFailedException was thrown. (TestSimpInt.scala:119)[0m[0m
[0m[[0m[0minfo[0m] [0m[0m[31m- test simp interpretor with sum((0 to 10).map(fib(_))) *** FAILED ***[0m[0m
[0m[[0m[0minfo[0m] [0m[0m[31m  org.scalatest.exceptions.TestFailedException was thrown. (TestSimpInt.scala:177)[0m[0m
[0m[[0m[0minfo[0m] [0m[0m[32mTestTypeInf:[0m[0m
[0m[[0m[0minfo[0m] [0m[0m[31m- test typeinf type substitution [int/a]a *** FAILED ***[0m[0m
[0m[[0m[0minfo[0m] [0m[0m[31m  TypeVar(a) did not equal MonoType(IntTy) (TestTypeInf.scala:24)[0m[0m
[0m[[0m[0minfo[0m] [0m[0m[31m  Analysis:[0m[0m
[0m[[0m[0minfo[0m] [0m[0m[31m  TypeInf$ExType$TypeVar(n: a -> , t: -> IntTy)[0m[0m
[0m[[0m[0minfo[0m] [0m[0m[32m- test typeinf type substitution [int/a]b[0m[0m
[0m[[0m[0minfo[0m] [0m[0m[32m- test typeinf type substitution [int/a]bool[0m[0m
[0m[[0m[0minfo[0m] [0m[0m[31m- test typeinf type substitution ([int/a]o[a/b])b *** FAILED ***[0m[0m
[0m[[0m[0minfo[0m] [0m[0m[31m  TypeVar(b) did not equal MonoType(IntTy) (TestTypeInf.scala:45)[0m[0m
[0m[[0m[0minfo[0m] [0m[0m[31m  Analysis:[0m[0m
[0m[[0m[0minfo[0m] [0m[0m[31m  TypeInf$ExType$TypeVar(n: b -> , t: -> IntTy)[0m[0m
[0m[[0m[0minfo[0m] [0m[0m[32m- test typeinf unification (Int,Bool) should fail.[0m[0m
[0m[[0m[0minfo[0m] [0m[0m[31m- test typeinf unification (Int,a) should ground a. *** FAILED ***[0m[0m
[0m[[0m[0minfo[0m] [0m[0m[31m  org.scalatest.exceptions.TestFailedException was thrown. (TestTypeInf.scala:65)[0m[0m
[0m[[0m[0minfo[0m] [0m[0m[31m- test typeinf unification {(Int,a), (a, b)} should ground b. *** FAILED ***[0m[0m
[0m[[0m[0minfo[0m] [0m[0m[31m  org.scalatest.exceptions.TestFailedException was thrown. (TestTypeInf.scala:80)[0m[0m
[0m[[0m[0minfo[0m] [0m[0m[31m- test typeinf unification {(a, b), (Int, Int) (Int,a)} should ground b. *** FAILED ***[0m[0m
[0m[[0m[0minfo[0m] [0m[0m[31m  org.scalatest.exceptions.TestFailedException was thrown. (TestTypeInf.scala:94)[0m[0m
[0m[[0m[0minfo[0m] [0m[0m[31m- test typeinf sum() *** FAILED ***[0m[0m
[0m[[0m[0minfo[0m] [0m[0m[31m  org.scalatest.exceptions.TestFailedException was thrown. (TestTypeInf.scala:132)[0m[0m
[0m[[0m[0minfo[0m] [0m[0m[31m- test typeinf fib *** FAILED ***[0m[0m
[0m[[0m[0minfo[0m] [0m[0m[31m  org.scalatest.exceptions.TestFailedException was thrown. (TestTypeInf.scala:176)[0m[0m
[0m[[0m[0minfo[0m] [0m[0m[32m- test typeinf should fail in grounding input and x's types[0m[0m
[0m[[0m[0minfo[0m] [0m[0m[32m- test typeinf should fail in unifying int with bool[0m[0m
[0m[[0m[0minfo[0m] [0m[0m[36mRun completed in 325 milliseconds.[0m[0m
[0m[[0m[0minfo[0m] [0m[0m[36mTotal number of tests run: 57[0m[0m
[0m[[0m[0minfo[0m] [0m[0m[36mSuites: completed 12, aborted 0[0m[0m
[0m[[0m[0minfo[0m] [0m[0m[36mTests: succeeded 24, failed 33, canceled 0, ignored 0, pending 0[0m[0m
[0m[[0m[0minfo[0m] [0m[0m[31m*** 33 TESTS FAILED ***[0m[0m
[0m[[0m[0mdebug[0m] [0m[0mPassed tests:[0m
[0m[[0m[0mdebug[0m] [0m[0m	sutd.compiler.simp.TestMaximalMunch[0m
[0m[[0m[0mdebug[0m] [0m[0m	sutd.compiler.simp.TestLexer[0m
[0m[[0m[0mdebug[0m] [0m[0m	sutd.compiler.simp.TestCFG[0m
[0m[[0m[0mdebug[0m] [0m[0m	sutd.compiler.simp.TestPAInt[0m
[0m[[0m[31merror[0m] [0m[0mFailed tests:[0m
[0m[[0m[31merror[0m] [0m[0m	sutd.compiler.simp.TestDF[0m
[0m[[0m[31merror[0m] [0m[0m	sutd.compiler.simp.TestSignAnalysis[0m
[0m[[0m[31merror[0m] [0m[0m	sutd.compiler.simp.TestTypeInf[0m
[0m[[0m[31merror[0m] [0m[0m	sutd.compiler.simp.TestSSA[0m
[0m[[0m[31merror[0m] [0m[0m	sutd.compiler.simp.TestMMUpDown[0m
[0m[[0m[31merror[0m] [0m[0m	sutd.compiler.simp.TestLivenessAnalysis[0m
[0m[[0m[31merror[0m] [0m[0m	sutd.compiler.simp.TestParser[0m
[0m[[0m[31merror[0m] [0m[0m	sutd.compiler.simp.TestSimpInt[0m
[0m[[0m[31merror[0m] [0m[0m(Test / [31mtest[0m) sbt.TestsFailedException: Tests unsuccessful[0m
