[0m[[0m[0mdebug[0m] [0m[0mRunning TaskDef(sutd.compiler.simp.TestParser, org.scalatest.tools.Framework$$anon$1@2985cd56, false, [SuiteSelector])[0m
[0m[[0m[0minfo[0m] [0m[0m[32mTestParser:[0m[0m
[0m[[0m[0minfo[0m] [0m[0m[32m- test p_spaces: parsing 0 spaces[0m[0m
[0m[[0m[0minfo[0m] [0m[0m[32m- test p_spaces: parsing 3 spaces[0m[0m
[0m[[0m[0minfo[0m] [0m[0m[32m- test p_spaces: parsing 3 tabs[0m[0m
[0m[[0m[0minfo[0m] [0m[0m[31m- test p_spaces: should not parse id *** FAILED ***[0m[0m
[0m[[0m[0minfo[0m] [0m[0m[31m  org.scalatest.exceptions.TestFailedException was thrown. (TestParser.scala:84)[0m[0m
[0m[[0m[0minfo[0m] [0m[0m[36mRun completed in 107 milliseconds.[0m[0m
[0m[[0m[0minfo[0m] [0m[0m[36mTotal number of tests run: 4[0m[0m
[0m[[0m[0minfo[0m] [0m[0m[36mSuites: completed 1, aborted 0[0m[0m
[0m[[0m[0minfo[0m] [0m[0m[36mTests: succeeded 3, failed 1, canceled 0, ignored 0, pending 0[0m[0m
[0m[[0m[0minfo[0m] [0m[0m[31m*** 1 TEST FAILED ***[0m[0m
[0m[[0m[31merror[0m] [0m[0mFailed tests:[0m
[0m[[0m[31merror[0m] [0m[0m	sutd.compiler.simp.TestParser[0m
[0m[[0m[31merror[0m] [0m[0m(Test / [31mtestOnly[0m) sbt.TestsFailedException: Tests unsuccessful[0m
